Using pre-set license
Built from '2020.3/release' branch; Version is '2020.3.7f1 (dd97f2c94397) revision 14522354'; Using compiler version '192528614'; Build Type 'Release'
OS: 'Windows 10 Enterprise 2016 LTSB; OS build 14393.0; Version 1607; 64bit' Language: 'ru' Physical Memory: 5914 MB
BatchMode: 1, IsHumanControllingUs: 0, StartBugReporterOnCrash: 0, Is64bit: 1, IsPro: 0

 COMMAND LINE ARGUMENTS:
D:\Unity\2020.3.7f1\Editor\Unity.exe
-adb2
-batchMode
-noUpm
-name
AssetImportWorker14
-projectPath
D:/Git/Bandit
-logFile
Logs/AssetImportWorker14.log
-srvPort
57025
Successfully changed project path to: D:/Git/Bandit
D:/Git/Bandit
Using Asset Import Pipeline V2.
Refreshing native plugins compatible for Editor in 62.35 ms, found 1 plugins.
Preloading 0 native plugins for Editor in 0.00 ms.
Initialize engine version: 2020.3.7f1 (dd97f2c94397)
[Subsystems] Discovering subsystems at path D:/Unity/2020.3.7f1/Editor/Data/Resources/UnitySubsystems
[Subsystems] Discovering subsystems at path D:/Git/Bandit/Assets
GfxDevice: creating device client; threaded=0
Direct3D:
    Version:  Direct3D 11.0 [level 11.0]
    Renderer: NVIDIA GeForce GT 740M (ID=0x1292)
    Vendor:   
    VRAM:     2009 MB
    Driver:   25.21.14.2531
Initialize mono
Mono path[0] = 'D:/Unity/2020.3.7f1/Editor/Data/Managed'
Mono path[1] = 'D:/Unity/2020.3.7f1/Editor/Data/MonoBleedingEdge/lib/mono/unityjit'
Mono config path = 'D:/Unity/2020.3.7f1/Editor/Data/MonoBleedingEdge/etc'
Using monoOptions --debugger-agent=transport=dt_socket,embedding=1,server=y,suspend=n,address=127.0.0.1:56916
Begin MonoManager ReloadAssembly
Registering precompiled unity dll's ...
Register platform support module: D:/Unity/2020.3.7f1/Editor/Data/PlaybackEngines/WebGLSupport/UnityEditor.WebGL.Extensions.dll
Register platform support module: D:/Unity/2020.3.7f1/Editor/Data/PlaybackEngines/WindowsStandaloneSupport/UnityEditor.WindowsStandalone.Extensions.dll
Registered in 0.001194 seconds.
Native extension for WindowsStandalone target not found
Native extension for WebGL target not found
Refreshing native plugins compatible for Editor in 43.02 ms, found 1 plugins.
Preloading 0 native plugins for Editor in 0.00 ms.
Mono: successfully reloaded assembly
- Completed reload, in  1.290 seconds
Platform modules already initialized, skipping
Registering precompiled user dll's ...
Registered in 0.000851 seconds.
Begin MonoManager ReloadAssembly
Native extension for WindowsStandalone target not found
Native extension for WebGL target not found
Refreshing native plugins compatible for Editor in 42.22 ms, found 1 plugins.
Preloading 0 native plugins for Editor in 0.00 ms.
Mono: successfully reloaded assembly
- Completed reload, in  1.159 seconds
Platform modules already initialized, skipping
========================================================================
Worker process is ready to serve import requests
Launched and connected shader compiler UnityShaderCompiler.exe after 0.45 seconds
Refreshing native plugins compatible for Editor in 0.77 ms, found 1 plugins.
Preloading 0 native plugins for Editor in 0.00 ms.
Unloading 1821 Unused Serialized files (Serialized files now loaded: 0)
System memory in use before: 85.3 MB.
System memory in use after: 85.2 MB.

Unloading 24 unused Assets to reduce memory usage. Loaded Objects now: 2265.
Total: 5.131425 ms (FindLiveObjects: 0.346400 ms CreateObjectMapping: 0.198004 ms MarkObjects: 4.279537 ms  DeleteObjects: 0.305345 ms)

========================================================================
Received Import Request.
  path: Assets/ReTime/Pathiral - ReTime Guide.pdf
  artifactKey: Guid(9eef5bd65bdbee149aa643e5f0b957dc) Importer(815301076,1909f56bfc062723c751e8b465ee728b)
Start importing Assets/ReTime/Pathiral - ReTime Guide.pdf using Guid(9eef5bd65bdbee149aa643e5f0b957dc) Importer(815301076,1909f56bfc062723c751e8b465ee728b)  -> (artifact id: 'f77812987b871726b1be5000e9559ee7') in 0.093691 seconds
  Import took 0.099502 seconds .

========================================================================
Received Import Request.
  Time since last request: 0.000435 seconds.
  path: Assets/Prefabs/HeavyBandit.prefab
  artifactKey: Guid(4b76fb15d48f59d44be3cd41ee962d45) Importer(815301076,1909f56bfc062723c751e8b465ee728b)
Start importing Assets/Prefabs/HeavyBandit.prefab using Guid(4b76fb15d48f59d44be3cd41ee962d45) Importer(815301076,1909f56bfc062723c751e8b465ee728b)  -> (artifact id: '2aff0d4a954e16e6d98990f3f09197ce') in 0.604023 seconds
  Import took 0.612875 seconds .

========================================================================
Received Import Request.
  Time since last request: 560.801961 seconds.
  path: Assets/ReTime/Core Scripts
  artifactKey: Guid(ab144c7382d1c394d9b2e53a14b09600) Importer(815301076,1909f56bfc062723c751e8b465ee728b)
Start importing Assets/ReTime/Core Scripts using Guid(ab144c7382d1c394d9b2e53a14b09600) Importer(815301076,1909f56bfc062723c751e8b465ee728b)  -> (artifact id: 'c6cba9ddcde998d487085865ff45b9a3') in 0.015424 seconds
  Import took 0.020261 seconds .

========================================================================
Received Import Request.
  Time since last request: 4.416846 seconds.
  path: Assets/ReTime/Editor/TimeRewindCustomGUI.cs
  artifactKey: Guid(467656a8ef24eb14aac345e848bbe21c) Importer(815301076,1909f56bfc062723c751e8b465ee728b)
Start importing Assets/ReTime/Editor/TimeRewindCustomGUI.cs using Guid(467656a8ef24eb14aac345e848bbe21c) Importer(815301076,1909f56bfc062723c751e8b465ee728b)  -> (artifact id: '9f4acda9975574b0364bd886bc810773') in 0.038589 seconds
  Import took 0.045158 seconds .

========================================================================
Received Import Request.
  Time since last request: 0.001123 seconds.
  path: Assets/ReTime/Editor/TimeRewindCustomGUI.cs
  artifactKey: Guid(467656a8ef24eb14aac345e848bbe21c) Importer(815301076,1909f56bfc062723c751e8b465ee728b)
Start importing Assets/ReTime/Editor/TimeRewindCustomGUI.cs using Guid(467656a8ef24eb14aac345e848bbe21c) Importer(815301076,1909f56bfc062723c751e8b465ee728b)  -> (artifact id: '9f4acda9975574b0364bd886bc810773') in 0.003242 seconds
  Import took 0.011013 seconds .

========================================================================
Received Import Request.
  Time since last request: 4.368995 seconds.
  path: Assets/ReTime/Editor/Resources/ReTime Cover.png
  artifactKey: Guid(183bc879606c4f14b97192bf4a5284c2) Importer(815301076,1909f56bfc062723c751e8b465ee728b)
Start importing Assets/ReTime/Editor/Resources/ReTime Cover.png using Guid(183bc879606c4f14b97192bf4a5284c2) Importer(815301076,1909f56bfc062723c751e8b465ee728b)  -> (artifact id: 'd8a1b5025b94e0bf4825a9711fb89d54') in 0.113344 seconds
  Import took 0.118705 seconds .

========================================================================
Received Import Request.
  Time since last request: 11.998188 seconds.
  path: Assets/ReTime/Core Scripts/PointInTime.cs
  artifactKey: Guid(79c4214193b83424db34ad677c3bb93e) Importer(815301076,1909f56bfc062723c751e8b465ee728b)
Start importing Assets/ReTime/Core Scripts/PointInTime.cs using Guid(79c4214193b83424db34ad677c3bb93e) Importer(815301076,1909f56bfc062723c751e8b465ee728b)  -> (artifact id: 'c15dd2f31c6e790e60ff57bfb6390860') in 0.013991 seconds
  Import took 0.018919 seconds .

========================================================================
Received Import Request.
  Time since last request: 2.649922 seconds.
  path: Assets/ReTime/Core Scripts/ReTime.cs
  artifactKey: Guid(aa6b8f658fbb0724380367b5942c8125) Importer(815301076,1909f56bfc062723c751e8b465ee728b)
Start importing Assets/ReTime/Core Scripts/ReTime.cs using Guid(aa6b8f658fbb0724380367b5942c8125) Importer(815301076,1909f56bfc062723c751e8b465ee728b)  -> (artifact id: '04005b33464b6292bbce62b8bc90d475') in 0.010041 seconds
  Import took 0.015130 seconds .

========================================================================
Received Import Request.
  Time since last request: 0.006960 seconds.
  path: Assets/ReTime/Core Scripts/ReTime.cs
  artifactKey: Guid(aa6b8f658fbb0724380367b5942c8125) Importer(815301076,1909f56bfc062723c751e8b465ee728b)
Start importing Assets/ReTime/Core Scripts/ReTime.cs using Guid(aa6b8f658fbb0724380367b5942c8125) Importer(815301076,1909f56bfc062723c751e8b465ee728b)  -> (artifact id: '04005b33464b6292bbce62b8bc90d475') in 0.005422 seconds
  Import took 0.011158 seconds .

========================================================================
Received Import Request.
  Time since last request: 6.754773 seconds.
  path: Assets/ReTime/Core Scripts/ReTimeParticles.cs
  artifactKey: Guid(926134448401b7042b4db4b0e4f8f8df) Importer(815301076,1909f56bfc062723c751e8b465ee728b)
Start importing Assets/ReTime/Core Scripts/ReTimeParticles.cs using Guid(926134448401b7042b4db4b0e4f8f8df) Importer(815301076,1909f56bfc062723c751e8b465ee728b)  -> (artifact id: '968d589441671ae90ae11afd9ab2b285') in 0.009013 seconds
  Import took 0.014263 seconds .

========================================================================
Received Import Request.
  Time since last request: 18.528921 seconds.
  path: Assets/ReTime/Demos/Particles
  artifactKey: Guid(9f8b262e556aae24a8164f6acad18676) Importer(815301076,1909f56bfc062723c751e8b465ee728b)
Start importing Assets/ReTime/Demos/Particles using Guid(9f8b262e556aae24a8164f6acad18676) Importer(815301076,1909f56bfc062723c751e8b465ee728b)  -> (artifact id: '0d7a5106fe4c325b95434e8ab6334bec') in 0.009521 seconds
  Import took 0.014599 seconds .

========================================================================
Received Import Request.
  Time since last request: 3.194891 seconds.
  path: Assets/ReTime/Demos/Particles/Looping/Looping Particles.unity
  artifactKey: Guid(80c6a1ee482cf304cb3de7407a1d70f0) Importer(815301076,1909f56bfc062723c751e8b465ee728b)
Start importing Assets/ReTime/Demos/Particles/Looping/Looping Particles.unity using Guid(80c6a1ee482cf304cb3de7407a1d70f0) Importer(815301076,1909f56bfc062723c751e8b465ee728b)  -> (artifact id: 'a8180508ce54d7646454495204c1aced') in 0.011489 seconds
  Import took 0.015942 seconds .

========================================================================
Received Import Request.
  Time since last request: 2.441172 seconds.
  path: Assets/ReTime/Demos/Particles/Non Looping
  artifactKey: Guid(ec3a1ecbcf99ab04bac2fbe132b5ef6f) Importer(815301076,1909f56bfc062723c751e8b465ee728b)
Start importing Assets/ReTime/Demos/Particles/Non Looping using Guid(ec3a1ecbcf99ab04bac2fbe132b5ef6f) Importer(815301076,1909f56bfc062723c751e8b465ee728b)  -> (artifact id: '221e572e0d0fb71a7d9d6ee4c018cf6c') in 0.010107 seconds
  Import took 0.015512 seconds .

========================================================================
Received Import Request.
  Time since last request: 1.283132 seconds.
  path: Assets/ReTime/Demos/Particles/MUST READ.txt
  artifactKey: Guid(bebb7a0f2995add4b8e86acefd42f327) Importer(815301076,1909f56bfc062723c751e8b465ee728b)
Start importing Assets/ReTime/Demos/Particles/MUST READ.txt using Guid(bebb7a0f2995add4b8e86acefd42f327) Importer(815301076,1909f56bfc062723c751e8b465ee728b)  -> (artifact id: '7abbfad97cb5ac66282a1413606a97d6') in 0.061510 seconds
  Import took 0.072371 seconds .

========================================================================
Received Import Request.
  Time since last request: 5717.280094 seconds.
  path: Assets/Scripts/Player.cs
  artifactKey: Guid(0c14c0a2b07f5484cbe7d010b9fed709) Importer(815301076,1909f56bfc062723c751e8b465ee728b)
Start importing Assets/Scripts/Player.cs using Guid(0c14c0a2b07f5484cbe7d010b9fed709) Importer(815301076,1909f56bfc062723c751e8b465ee728b)  -> (artifact id: '3c96e4999c30d45869560a06ba9642b2') in 0.018200 seconds
  Import took 0.141201 seconds .

========================================================================
Received Prepare
Registering precompiled user dll's ...
Registered in 0.001421 seconds.
Begin MonoManager ReloadAssembly
Native extension for WindowsStandalone target not found
Native extension for WebGL target not found
Refreshing native plugins compatible for Editor in 0.60 ms, found 1 plugins.
Preloading 0 native plugins for Editor in 0.00 ms.
Mono: successfully reloaded assembly
- Completed reload, in  1.893 seconds
Platform modules already initialized, skipping
Refreshing native plugins compatible for Editor in 0.79 ms, found 1 plugins.
Preloading 0 native plugins for Editor in 0.00 ms.
Unloading 1817 Unused Serialized files (Serialized files now loaded: 0)
System memory in use before: 88.4 MB.
System memory in use after: 88.4 MB.

Unloading 12 unused Assets to reduce memory usage. Loaded Objects now: 2280.
Total: 5.284953 ms (FindLiveObjects: 0.377619 ms CreateObjectMapping: 0.181753 ms MarkObjects: 4.565210 ms  DeleteObjects: 0.156521 ms)

========================================================================
Received Import Request.
  Time since last request: 37.295339 seconds.
  path: Assets/Scripts/BackgroundParallax.cs
  artifactKey: Guid(6a34d4404cd2bee41bc5f1382a7d06b8) Importer(815301076,1909f56bfc062723c751e8b465ee728b)
Start importing Assets/Scripts/BackgroundParallax.cs using Guid(6a34d4404cd2bee41bc5f1382a7d06b8) Importer(815301076,1909f56bfc062723c751e8b465ee728b)  -> (artifact id: '5d6ea60d4d0c9d21aa32c9123d9da31d') in 0.013335 seconds
  Import took 0.019059 seconds .

========================================================================
Received Import Request.
  Time since last request: 0.037049 seconds.
  path: Assets/Scripts/BackgroundParallax.cs
  artifactKey: Guid(6a34d4404cd2bee41bc5f1382a7d06b8) Importer(815301076,1909f56bfc062723c751e8b465ee728b)
Start importing Assets/Scripts/BackgroundParallax.cs using Guid(6a34d4404cd2bee41bc5f1382a7d06b8) Importer(815301076,1909f56bfc062723c751e8b465ee728b)  -> (artifact id: '5d6ea60d4d0c9d21aa32c9123d9da31d') in 0.003528 seconds
  Import took 0.008396 seconds .

========================================================================
Received Prepare
Registering precompiled user dll's ...
Registered in 0.000925 seconds.
Begin MonoManager ReloadAssembly
Native extension for WindowsStandalone target not found
Native extension for WebGL target not found
Refreshing native plugins compatible for Editor in 0.68 ms, found 1 plugins.
Preloading 0 native plugins for Editor in 0.00 ms.
Mono: successfully reloaded assembly
- Completed reload, in  1.072 seconds
Platform modules already initialized, skipping
Refreshing native plugins compatible for Editor in 0.69 ms, found 1 plugins.
Preloading 0 native plugins for Editor in 0.00 ms.
Unloading 1817 Unused Serialized files (Serialized files now loaded: 0)
System memory in use before: 88.5 MB.
System memory in use after: 88.4 MB.

Unloading 12 unused Assets to reduce memory usage. Loaded Objects now: 2284.
Total: 4.709757 ms (FindLiveObjects: 0.335709 ms CreateObjectMapping: 0.215965 ms MarkObjects: 3.915603 ms  DeleteObjects: 0.240342 ms)

========================================================================
Received Import Request.
  Time since last request: 178.273002 seconds.
  path: Assets/Scripts/Player.cs
  artifactKey: Guid(0c14c0a2b07f5484cbe7d010b9fed709) Importer(815301076,1909f56bfc062723c751e8b465ee728b)
Start importing Assets/Scripts/Player.cs using Guid(0c14c0a2b07f5484cbe7d010b9fed709) Importer(815301076,1909f56bfc062723c751e8b465ee728b)  -> (artifact id: '9803c93954db5c4c4d029a13dc3bccdc') in 0.021750 seconds
  Import took 0.029488 seconds .

========================================================================
Received Prepare
Registering precompiled user dll's ...
Registered in 0.001283 seconds.
Begin MonoManager ReloadAssembly
Native extension for WindowsStandalone target not found
Native extension for WebGL target not found
Refreshing native plugins compatible for Editor in 0.48 ms, found 1 plugins.
Preloading 0 native plugins for Editor in 0.00 ms.
Mono: successfully reloaded assembly
- Completed reload, in  1.271 seconds
Platform modules already initialized, skipping
Refreshing native plugins compatible for Editor in 0.56 ms, found 1 plugins.
Preloading 0 native plugins for Editor in 0.00 ms.
Unloading 1817 Unused Serialized files (Serialized files now loaded: 0)
System memory in use before: 88.5 MB.
System memory in use after: 88.5 MB.

Unloading 12 unused Assets to reduce memory usage. Loaded Objects now: 2288.
Total: 3.499068 ms (FindLiveObjects: 0.358374 ms CreateObjectMapping: 0.145830 ms MarkObjects: 2.843474 ms  DeleteObjects: 0.147968 ms)

========================================================================
Received Import Request.
  Time since last request: 54.228311 seconds.
  path: Assets/Scripts/Player.cs
  artifactKey: Guid(0c14c0a2b07f5484cbe7d010b9fed709) Importer(815301076,1909f56bfc062723c751e8b465ee728b)
Start importing Assets/Scripts/Player.cs using Guid(0c14c0a2b07f5484cbe7d010b9fed709) Importer(815301076,1909f56bfc062723c751e8b465ee728b)  -> (artifact id: '69847f75216f8b25addc2b728d5f3c5f') in 0.007318 seconds
  Import took 0.011953 seconds .

========================================================================
Received Import Request.
  Time since last request: 111.007495 seconds.
  path: Assets/Scripts/Bandit.cs
  artifactKey: Guid(ba8b435a8dc3f604e9a13c4acd7081c2) Importer(815301076,1909f56bfc062723c751e8b465ee728b)
Start importing Assets/Scripts/Bandit.cs using Guid(ba8b435a8dc3f604e9a13c4acd7081c2) Importer(815301076,1909f56bfc062723c751e8b465ee728b)  -> (artifact id: '2803e515d753ab20439b2a0db53e8771') in 0.009275 seconds
  Import took 0.014779 seconds .

========================================================================
Received Import Request.
  Time since last request: 0.042284 seconds.
  path: Assets/Scripts/Bandit.cs
  artifactKey: Guid(ba8b435a8dc3f604e9a13c4acd7081c2) Importer(815301076,1909f56bfc062723c751e8b465ee728b)
Start importing Assets/Scripts/Bandit.cs using Guid(ba8b435a8dc3f604e9a13c4acd7081c2) Importer(815301076,1909f56bfc062723c751e8b465ee728b)  -> (artifact id: '2803e515d753ab20439b2a0db53e8771') in 0.004762 seconds
  Import took 0.011711 seconds .

========================================================================
Received Prepare
Registering precompiled user dll's ...
Registered in 0.000861 seconds.
Begin MonoManager ReloadAssembly
Native extension for WindowsStandalone target not found
Native extension for WebGL target not found
Refreshing native plugins compatible for Editor in 0.61 ms, found 1 plugins.
Preloading 0 native plugins for Editor in 0.00 ms.
Mono: successfully reloaded assembly
- Completed reload, in  1.769 seconds
Platform modules already initialized, skipping
Refreshing native plugins compatible for Editor in 0.46 ms, found 1 plugins.
Preloading 0 native plugins for Editor in 0.00 ms.
Unloading 1817 Unused Serialized files (Serialized files now loaded: 0)
System memory in use before: 88.5 MB.
System memory in use after: 88.5 MB.

Unloading 12 unused Assets to reduce memory usage. Loaded Objects now: 2292.
Total: 3.486238 ms (FindLiveObjects: 0.364362 ms CreateObjectMapping: 0.233927 ms MarkObjects: 2.721165 ms  DeleteObjects: 0.165502 ms)

========================================================================
Received Prepare
Registering precompiled user dll's ...
Registered in 0.001430 seconds.
Begin MonoManager ReloadAssembly
Native extension for WindowsStandalone target not found
Native extension for WebGL target not found
Refreshing native plugins compatible for Editor in 0.47 ms, found 1 plugins.
Preloading 0 native plugins for Editor in 0.00 ms.
Mono: successfully reloaded assembly
- Completed reload, in  1.281 seconds
Platform modules already initialized, skipping
Refreshing native plugins compatible for Editor in 0.52 ms, found 1 plugins.
Preloading 0 native plugins for Editor in 0.00 ms.
Unloading 1817 Unused Serialized files (Serialized files now loaded: 0)
System memory in use before: 88.5 MB.
System memory in use after: 88.5 MB.

Unloading 12 unused Assets to reduce memory usage. Loaded Objects now: 2296.
Total: 3.042761 ms (FindLiveObjects: 0.268567 ms CreateObjectMapping: 0.135566 ms MarkObjects: 2.493653 ms  DeleteObjects: 0.143692 ms)

========================================================================
Received Import Request.
  Time since last request: 1188.768473 seconds.
  path: Assets/Scripts/HealthBar.cs
  artifactKey: Guid(472506ae70fd6564faf660773e0d95f5) Importer(815301076,1909f56bfc062723c751e8b465ee728b)
Start importing Assets/Scripts/HealthBar.cs using Guid(472506ae70fd6564faf660773e0d95f5) Importer(815301076,1909f56bfc062723c751e8b465ee728b)  -> (artifact id: 'e0ffc89339b5d17f299d811f086359e1') in 0.070202 seconds
  Import took 0.187293 seconds .

========================================================================
Received Prepare
Registering precompiled user dll's ...
Registered in 0.000949 seconds.
Begin MonoManager ReloadAssembly
Native extension for WindowsStandalone target not found
Native extension for WebGL target not found
Refreshing native plugins compatible for Editor in 0.65 ms, found 1 plugins.
Preloading 0 native plugins for Editor in 0.00 ms.
Mono: successfully reloaded assembly
- Completed reload, in  1.535 seconds
Platform modules already initialized, skipping
Refreshing native plugins compatible for Editor in 0.76 ms, found 1 plugins.
Preloading 0 native plugins for Editor in 0.00 ms.
Unloading 1818 Unused Serialized files (Serialized files now loaded: 0)
System memory in use before: 88.5 MB.
System memory in use after: 88.5 MB.

Unloading 12 unused Assets to reduce memory usage. Loaded Objects now: 2301.
Total: 6.072692 ms (FindLiveObjects: 2.058300 ms CreateObjectMapping: 0.133001 ms MarkObjects: 3.671413 ms  DeleteObjects: 0.207840 ms)

========================================================================
Received Import Request.
  Time since last request: 162.860101 seconds.
  path: Assets/Scripts/HealthBar.cs
  artifactKey: Guid(472506ae70fd6564faf660773e0d95f5) Importer(815301076,1909f56bfc062723c751e8b465ee728b)
Start importing Assets/Scripts/HealthBar.cs using Guid(472506ae70fd6564faf660773e0d95f5) Importer(815301076,1909f56bfc062723c751e8b465ee728b)  -> (artifact id: '71b0eb8ac27c86393113b66b4df20109') in 0.014641 seconds
  Import took 0.022604 seconds .

========================================================================
Received Prepare
Registering precompiled user dll's ...
Registered in 0.000838 seconds.
Begin MonoManager ReloadAssembly
Native extension for WindowsStandalone target not found
Native extension for WebGL target not found
Refreshing native plugins compatible for Editor in 1.84 ms, found 1 plugins.
Preloading 0 native plugins for Editor in 0.00 ms.
Mono: successfully reloaded assembly
- Completed reload, in  4.615 seconds
Platform modules already initialized, skipping
Refreshing native plugins compatible for Editor in 1.20 ms, found 1 plugins.
Preloading 0 native plugins for Editor in 0.00 ms.
Unloading 1818 Unused Serialized files (Serialized files now loaded: 0)
System memory in use before: 88.6 MB.
System memory in use after: 88.5 MB.

Unloading 12 unused Assets to reduce memory usage. Loaded Objects now: 2305.
Total: 9.801410 ms (FindLiveObjects: 0.577333 ms CreateObjectMapping: 0.302779 ms MarkObjects: 8.509039 ms  DeleteObjects: 0.407982 ms)

========================================================================
Received Prepare
Registering precompiled user dll's ...
Registered in 0.001595 seconds.
Begin MonoManager ReloadAssembly
Native extension for WindowsStandalone target not found
Native extension for WebGL target not found
Refreshing native plugins compatible for Editor in 0.46 ms, found 1 plugins.
Preloading 0 native plugins for Editor in 0.00 ms.
Mono: successfully reloaded assembly
- Completed reload, in  1.284 seconds
Platform modules already initialized, skipping
Refreshing native plugins compatible for Editor in 1.34 ms, found 1 plugins.
Preloading 0 native plugins for Editor in 0.00 ms.
Unloading 1818 Unused Serialized files (Serialized files now loaded: 0)
System memory in use before: 88.6 MB.
System memory in use after: 88.5 MB.

Unloading 12 unused Assets to reduce memory usage. Loaded Objects now: 2309.
Total: 5.210541 ms (FindLiveObjects: 0.319885 ms CreateObjectMapping: 0.107769 ms MarkObjects: 4.592152 ms  DeleteObjects: 0.188168 ms)

========================================================================
Received Prepare
Registering precompiled user dll's ...
Registered in 0.000891 seconds.
Begin MonoManager ReloadAssembly
Native extension for WindowsStandalone target not found
Native extension for WebGL target not found
Refreshing native plugins compatible for Editor in 0.53 ms, found 1 plugins.
Preloading 0 native plugins for Editor in 0.00 ms.
Mono: successfully reloaded assembly
- Completed reload, in  1.140 seconds
Platform modules already initialized, skipping
Refreshing native plugins compatible for Editor in 0.67 ms, found 1 plugins.
Preloading 0 native plugins for Editor in 0.00 ms.
Unloading 1818 Unused Serialized files (Serialized files now loaded: 0)
System memory in use before: 88.6 MB.
System memory in use after: 88.5 MB.

Unloading 12 unused Assets to reduce memory usage. Loaded Objects now: 2313.
Total: 4.723015 ms (FindLiveObjects: 0.464860 ms CreateObjectMapping: 0.242480 ms MarkObjects: 3.784313 ms  DeleteObjects: 0.229223 ms)

========================================================================
Received Prepare
Registering precompiled user dll's ...
Registered in 0.000856 seconds.
Begin MonoManager ReloadAssembly
Native extension for WindowsStandalone target not found
Native extension for WebGL target not found
Refreshing native plugins compatible for Editor in 0.63 ms, found 1 plugins.
Preloading 0 native plugins for Editor in 0.00 ms.
Mono: successfully reloaded assembly
- Completed reload, in  1.361 seconds
Platform modules already initialized, skipping
Refreshing native plugins compatible for Editor in 0.68 ms, found 1 plugins.
Preloading 0 native plugins for Editor in 0.00 ms.
Unloading 1818 Unused Serialized files (Serialized files now loaded: 0)
System memory in use before: 88.6 MB.
System memory in use after: 88.6 MB.

Unloading 12 unused Assets to reduce memory usage. Loaded Objects now: 2317.
Total: 3.194578 ms (FindLiveObjects: 0.369921 ms CreateObjectMapping: 0.285673 ms MarkObjects: 2.392298 ms  DeleteObjects: 0.144975 ms)

========================================================================
Received Prepare
Registering precompiled user dll's ...
Registered in 0.000906 seconds.
Begin MonoManager ReloadAssembly
Native extension for WindowsStandalone target not found
Native extension for WebGL target not found
Refreshing native plugins compatible for Editor in 0.43 ms, found 1 plugins.
Preloading 0 native plugins for Editor in 0.00 ms.
Mono: successfully reloaded assembly
- Completed reload, in  1.182 seconds
Platform modules already initialized, skipping
Refreshing native plugins compatible for Editor in 0.89 ms, found 1 plugins.
Preloading 0 native plugins for Editor in 0.00 ms.
Unloading 1818 Unused Serialized files (Serialized files now loaded: 0)
System memory in use before: 88.6 MB.
System memory in use after: 88.6 MB.

Unloading 12 unused Assets to reduce memory usage. Loaded Objects now: 2321.
Total: 5.287518 ms (FindLiveObjects: 0.455880 ms CreateObjectMapping: 0.256165 ms MarkObjects: 4.309045 ms  DeleteObjects: 0.263863 ms)

========================================================================
Received Prepare
Registering precompiled user dll's ...
Registered in 0.000894 seconds.
Begin MonoManager ReloadAssembly
Native extension for WindowsStandalone target not found
Native extension for WebGL target not found
Refreshing native plugins compatible for Editor in 0.47 ms, found 1 plugins.
Preloading 0 native plugins for Editor in 0.00 ms.
Mono: successfully reloaded assembly
- Completed reload, in  1.306 seconds
Platform modules already initialized, skipping
Refreshing native plugins compatible for Editor in 0.52 ms, found 1 plugins.
Preloading 0 native plugins for Editor in 0.00 ms.
Unloading 1818 Unused Serialized files (Serialized files now loaded: 0)
System memory in use before: 88.6 MB.
System memory in use after: 88.6 MB.

Unloading 12 unused Assets to reduce memory usage. Loaded Objects now: 2325.
Total: 4.252167 ms (FindLiveObjects: 0.478973 ms CreateObjectMapping: 0.243335 ms MarkObjects: 3.372055 ms  DeleteObjects: 0.149251 ms)

========================================================================
Received Prepare
Registering precompiled user dll's ...
Registered in 0.002429 seconds.
Begin MonoManager ReloadAssembly
Native extension for WindowsStandalone target not found
Native extension for WebGL target not found
Refreshing native plugins compatible for Editor in 1.28 ms, found 1 plugins.
Preloading 0 native plugins for Editor in 0.00 ms.
Mono: successfully reloaded assembly
- Completed reload, in  4.039 seconds
Platform modules already initialized, skipping
Refreshing native plugins compatible for Editor in 0.61 ms, found 1 plugins.
Preloading 0 native plugins for Editor in 0.00 ms.
Unloading 1818 Unused Serialized files (Serialized files now loaded: 0)
System memory in use before: 88.6 MB.
System memory in use after: 88.6 MB.

Unloading 12 unused Assets to reduce memory usage. Loaded Objects now: 2329.
Total: 4.139694 ms (FindLiveObjects: 0.306628 ms CreateObjectMapping: 0.134711 ms MarkObjects: 3.490942 ms  DeleteObjects: 0.204419 ms)

========================================================================
Received Prepare
Registering precompiled user dll's ...
Registered in 0.000860 seconds.
Begin MonoManager ReloadAssembly
Native extension for WindowsStandalone target not found
Native extension for WebGL target not found
Refreshing native plugins compatible for Editor in 0.45 ms, found 1 plugins.
Preloading 0 native plugins for Editor in 0.00 ms.
Mono: successfully reloaded assembly
- Completed reload, in  1.380 seconds
Platform modules already initialized, skipping
Refreshing native plugins compatible for Editor in 0.45 ms, found 1 plugins.
Preloading 0 native plugins for Editor in 0.00 ms.
Unloading 1818 Unused Serialized files (Serialized files now loaded: 0)
System memory in use before: 88.6 MB.
System memory in use after: 88.6 MB.

Unloading 12 unused Assets to reduce memory usage. Loaded Objects now: 2333.
Total: 3.413965 ms (FindLiveObjects: 0.331004 ms CreateObjectMapping: 0.132145 ms MarkObjects: 2.773338 ms  DeleteObjects: 0.175766 ms)

========================================================================
Received Prepare
Registering precompiled user dll's ...
Registered in 0.001026 seconds.
Begin MonoManager ReloadAssembly
Native extension for WindowsStandalone target not found
Native extension for WebGL target not found
Refreshing native plugins compatible for Editor in 1.02 ms, found 1 plugins.
Preloading 0 native plugins for Editor in 0.00 ms.
Mono: successfully reloaded assembly
- Completed reload, in  2.227 seconds
Platform modules already initialized, skipping
Refreshing native plugins compatible for Editor in 0.48 ms, found 1 plugins.
Preloading 0 native plugins for Editor in 0.00 ms.
Unloading 1818 Unused Serialized files (Serialized files now loaded: 0)
System memory in use before: 88.6 MB.
System memory in use after: 88.6 MB.

Unloading 12 unused Assets to reduce memory usage. Loaded Objects now: 2337.
Total: 4.120877 ms (FindLiveObjects: 0.426799 ms CreateObjectMapping: 0.207840 ms MarkObjects: 3.280964 ms  DeleteObjects: 0.202281 ms)

========================================================================
Received Prepare
Registering precompiled user dll's ...
Registered in 0.001187 seconds.
Begin MonoManager ReloadAssembly
Native extension for WindowsStandalone target not found
Native extension for WebGL target not found
Refreshing native plugins compatible for Editor in 0.49 ms, found 1 plugins.
Preloading 0 native plugins for Editor in 0.00 ms.
Mono: successfully reloaded assembly
- Completed reload, in  1.269 seconds
Platform modules already initialized, skipping
Refreshing native plugins compatible for Editor in 0.43 ms, found 1 plugins.
Preloading 0 native plugins for Editor in 0.00 ms.
Unloading 1818 Unused Serialized files (Serialized files now loaded: 0)
System memory in use before: 88.6 MB.
System memory in use after: 88.6 MB.

Unloading 12 unused Assets to reduce memory usage. Loaded Objects now: 2341.
Total: 3.384457 ms (FindLiveObjects: 0.287811 ms CreateObjectMapping: 0.125730 ms MarkObjects: 2.823802 ms  DeleteObjects: 0.145402 ms)

========================================================================
Received Import Request.
  Time since last request: 1589.300120 seconds.
  path: Assets/Prefabs/PlayerHealthBar.prefab
  artifactKey: Guid(a2b9c1a82c25dfa43bb065764a824215) Importer(815301076,1909f56bfc062723c751e8b465ee728b)
Start importing Assets/Prefabs/PlayerHealthBar.prefab using Guid(a2b9c1a82c25dfa43bb065764a824215) Importer(815301076,1909f56bfc062723c751e8b465ee728b)  -> (artifact id: '81793c69599562cb672b88cf27d6c08e') in 0.161933 seconds
  Import took 0.166884 seconds .

========================================================================
Received Import Request.
  Time since last request: 2.193644 seconds.
  path: Assets/Prefabs/EnemyHealthBar.prefab
  artifactKey: Guid(c73484bec2950bd42a205f27d298c17d) Importer(815301076,1909f56bfc062723c751e8b465ee728b)
Start importing Assets/Prefabs/EnemyHealthBar.prefab using Guid(c73484bec2950bd42a205f27d298c17d) Importer(815301076,1909f56bfc062723c751e8b465ee728b)  -> (artifact id: 'da78fe11286e53d77d3ba0e95bffeec6') in 0.016359 seconds
  Import took 0.021704 seconds .

========================================================================
Received Prepare
Registering precompiled user dll's ...
Registered in 0.000858 seconds.
Begin MonoManager ReloadAssembly
Native extension for WindowsStandalone target not found
Native extension for WebGL target not found
Refreshing native plugins compatible for Editor in 0.53 ms, found 1 plugins.
Preloading 0 native plugins for Editor in 0.00 ms.
Mono: successfully reloaded assembly
- Completed reload, in  1.038 seconds
Platform modules already initialized, skipping
Refreshing native plugins compatible for Editor in 0.46 ms, found 1 plugins.
Preloading 0 native plugins for Editor in 0.00 ms.
Unloading 1818 Unused Serialized files (Serialized files now loaded: 0)
System memory in use before: 88.6 MB.
System memory in use after: 88.6 MB.

Unloading 12 unused Assets to reduce memory usage. Loaded Objects now: 2345.
Total: 3.310045 ms (FindLiveObjects: 0.338275 ms CreateObjectMapping: 0.139415 ms MarkObjects: 2.682248 ms  DeleteObjects: 0.148396 ms)

========================================================================
Received Prepare
Registering precompiled user dll's ...
Registered in 0.001608 seconds.
Begin MonoManager ReloadAssembly
Native extension for WindowsStandalone target not found
Native extension for WebGL target not found
Refreshing native plugins compatible for Editor in 1.16 ms, found 1 plugins.
Preloading 0 native plugins for Editor in 0.00 ms.
Mono: successfully reloaded assembly
- Completed reload, in  1.719 seconds
Platform modules already initialized, skipping
Refreshing native plugins compatible for Editor in 0.52 ms, found 1 plugins.
Preloading 0 native plugins for Editor in 0.00 ms.
Unloading 1818 Unused Serialized files (Serialized files now loaded: 0)
System memory in use before: 88.7 MB.
System memory in use after: 88.6 MB.

Unloading 12 unused Assets to reduce memory usage. Loaded Objects now: 2349.
Total: 4.059295 ms (FindLiveObjects: 0.291660 ms CreateObjectMapping: 0.092373 ms MarkObjects: 3.458441 ms  DeleteObjects: 0.214682 ms)

========================================================================
Received Import Request.
  Time since last request: 380.184771 seconds.
  path: Assets/Prefabs/Enemy.prefab
  artifactKey: Guid(16933808f818b2b4d87df83e303aecfb) Importer(815301076,1909f56bfc062723c751e8b465ee728b)
Start importing Assets/Prefabs/Enemy.prefab using Guid(16933808f818b2b4d87df83e303aecfb) Importer(815301076,1909f56bfc062723c751e8b465ee728b)  -> (artifact id: '1ccb076130728844f19780f361aaa956') in 0.431065 seconds
  Import took 0.436843 seconds .

========================================================================
Received Prepare
Registering precompiled user dll's ...
Registered in 0.000914 seconds.
Begin MonoManager ReloadAssembly
Native extension for WindowsStandalone target not found
Native extension for WebGL target not found
Refreshing native plugins compatible for Editor in 0.49 ms, found 1 plugins.
Preloading 0 native plugins for Editor in 0.00 ms.
Mono: successfully reloaded assembly
- Completed reload, in  1.149 seconds
Platform modules already initialized, skipping
Refreshing native plugins compatible for Editor in 0.45 ms, found 1 plugins.
Preloading 0 native plugins for Editor in 0.00 ms.
Unloading 1818 Unused Serialized files (Serialized files now loaded: 0)
System memory in use before: 88.7 MB.
System memory in use after: 88.7 MB.

Unloading 12 unused Assets to reduce memory usage. Loaded Objects now: 2354.
Total: 3.082105 ms (FindLiveObjects: 0.437918 ms CreateObjectMapping: 0.135139 ms MarkObjects: 2.367495 ms  DeleteObjects: 0.139415 ms)

========================================================================
Received Prepare
Registering precompiled user dll's ...
Registered in 0.000917 seconds.
Begin MonoManager ReloadAssembly
Native extension for WindowsStandalone target not found
Native extension for WebGL target not found
Refreshing native plugins compatible for Editor in 0.51 ms, found 1 plugins.
Preloading 0 native plugins for Editor in 0.00 ms.
Mono: successfully reloaded assembly
- Completed reload, in  1.121 seconds
Platform modules already initialized, skipping
Refreshing native plugins compatible for Editor in 0.49 ms, found 1 plugins.
Preloading 0 native plugins for Editor in 0.00 ms.
Unloading 1818 Unused Serialized files (Serialized files now loaded: 0)
System memory in use before: 88.7 MB.
System memory in use after: 88.7 MB.

Unloading 12 unused Assets to reduce memory usage. Loaded Objects now: 2358.
Total: 2.741692 ms (FindLiveObjects: 0.275837 ms CreateObjectMapping: 0.091518 ms MarkObjects: 2.224230 ms  DeleteObjects: 0.148824 ms)

========================================================================
Received Prepare
Registering precompiled user dll's ...
Registered in 0.000819 seconds.
Begin MonoManager ReloadAssembly
Native extension for WindowsStandalone target not found
Native extension for WebGL target not found
Refreshing native plugins compatible for Editor in 0.47 ms, found 1 plugins.
Preloading 0 native plugins for Editor in 0.00 ms.
Mono: successfully reloaded assembly
- Completed reload, in  1.033 seconds
Platform modules already initialized, skipping
Refreshing native plugins compatible for Editor in 0.46 ms, found 1 plugins.
Preloading 0 native plugins for Editor in 0.00 ms.
Unloading 1818 Unused Serialized files (Serialized files now loaded: 0)
System memory in use before: 88.7 MB.
System memory in use after: 88.7 MB.

Unloading 12 unused Assets to reduce memory usage. Loaded Objects now: 2362.
Total: 2.949960 ms (FindLiveObjects: 0.273271 ms CreateObjectMapping: 0.127441 ms MarkObjects: 2.407694 ms  DeleteObjects: 0.140271 ms)

========================================================================
Received Prepare
Registering precompiled user dll's ...
Registered in 0.000762 seconds.
Begin MonoManager ReloadAssembly
Native extension for WindowsStandalone target not found
Native extension for WebGL target not found
Refreshing native plugins compatible for Editor in 0.43 ms, found 1 plugins.
Preloading 0 native plugins for Editor in 0.00 ms.
Mono: successfully reloaded assembly
- Completed reload, in  1.072 seconds
Platform modules already initialized, skipping
Refreshing native plugins compatible for Editor in 0.56 ms, found 1 plugins.
Preloading 0 native plugins for Editor in 0.00 ms.
Unloading 1818 Unused Serialized files (Serialized files now loaded: 0)
System memory in use before: 88.7 MB.
System memory in use after: 88.7 MB.

Unloading 12 unused Assets to reduce memory usage. Loaded Objects now: 2366.
Total: 3.387450 ms (FindLiveObjects: 0.369493 ms CreateObjectMapping: 0.131290 ms MarkObjects: 2.734422 ms  DeleteObjects: 0.150962 ms)

========================================================================
Received Prepare
Registering precompiled user dll's ...
Registered in 0.001095 seconds.
Begin MonoManager ReloadAssembly
Native extension for WindowsStandalone target not found
Native extension for WebGL target not found
Refreshing native plugins compatible for Editor in 0.52 ms, found 1 plugins.
Preloading 0 native plugins for Editor in 0.00 ms.
Mono: successfully reloaded assembly
- Completed reload, in  1.451 seconds
Platform modules already initialized, skipping
Refreshing native plugins compatible for Editor in 0.52 ms, found 1 plugins.
Preloading 0 native plugins for Editor in 0.00 ms.
Unloading 1818 Unused Serialized files (Serialized files now loaded: 0)
System memory in use before: 88.7 MB.
System memory in use after: 88.7 MB.

Unloading 12 unused Assets to reduce memory usage. Loaded Objects now: 2370.
Total: 3.380180 ms (FindLiveObjects: 0.364362 ms CreateObjectMapping: 0.123592 ms MarkObjects: 2.721592 ms  DeleteObjects: 0.168068 ms)

========================================================================
Received Import Request.
  Time since last request: 219.912754 seconds.
  path: Assets/Scripts/AttackSystem.cs
  artifactKey: Guid(f19bfe995ade11643a13cd948217eb11) Importer(815301076,1909f56bfc062723c751e8b465ee728b)
Start importing Assets/Scripts/AttackSystem.cs using Guid(f19bfe995ade11643a13cd948217eb11) Importer(815301076,1909f56bfc062723c751e8b465ee728b)  -> (artifact id: '8c3a7e105eddcb7eb23112d239bd7bd3') in 0.016791 seconds
  Import took 0.022465 seconds .

========================================================================
Received Import Request.
  Time since last request: 0.878761 seconds.
  path: Assets/Scripts/Enemy.cs
  artifactKey: Guid(d2374091cb4a2d547a40d5782b40d61f) Importer(815301076,1909f56bfc062723c751e8b465ee728b)
Start importing Assets/Scripts/Enemy.cs using Guid(d2374091cb4a2d547a40d5782b40d61f) Importer(815301076,1909f56bfc062723c751e8b465ee728b)  -> (artifact id: '483515ebd743549f61a8247e0c34ee7b') in 0.061010 seconds
  Import took 0.068942 seconds .

========================================================================
Received Import Request.
  Time since last request: 0.038174 seconds.
  path: Assets/Scripts/Enemy.cs
  artifactKey: Guid(d2374091cb4a2d547a40d5782b40d61f) Importer(815301076,1909f56bfc062723c751e8b465ee728b)
Start importing Assets/Scripts/Enemy.cs using Guid(d2374091cb4a2d547a40d5782b40d61f) Importer(815301076,1909f56bfc062723c751e8b465ee728b)  -> (artifact id: '483515ebd743549f61a8247e0c34ee7b') in 0.009815 seconds
  Import took 0.022987 seconds .

========================================================================
Received Import Request.
  Time since last request: 0.529329 seconds.
  path: Assets/Scripts/HealthBar.cs
  artifactKey: Guid(472506ae70fd6564faf660773e0d95f5) Importer(815301076,1909f56bfc062723c751e8b465ee728b)
Start importing Assets/Scripts/HealthBar.cs using Guid(472506ae70fd6564faf660773e0d95f5) Importer(815301076,1909f56bfc062723c751e8b465ee728b)  -> (artifact id: 'a97c048cfaac385b3b4c4a1c9718eca4') in 0.008956 seconds
  Import took 0.013871 seconds .

========================================================================
Received Prepare
Registering precompiled user dll's ...
Registered in 0.000996 seconds.
Begin MonoManager ReloadAssembly
Native extension for WindowsStandalone target not found
Native extension for WebGL target not found
Refreshing native plugins compatible for Editor in 0.42 ms, found 1 plugins.
Preloading 0 native plugins for Editor in 0.00 ms.
Mono: successfully reloaded assembly
- Completed reload, in  1.134 seconds
Platform modules already initialized, skipping
Refreshing native plugins compatible for Editor in 0.46 ms, found 1 plugins.
Preloading 0 native plugins for Editor in 0.00 ms.
Unloading 1818 Unused Serialized files (Serialized files now loaded: 0)
System memory in use before: 88.7 MB.
System memory in use after: 88.7 MB.

Unloading 12 unused Assets to reduce memory usage. Loaded Objects now: 2374.
Total: 3.423801 ms (FindLiveObjects: 0.355381 ms CreateObjectMapping: 0.127869 ms MarkObjects: 2.794294 ms  DeleteObjects: 0.144547 ms)

========================================================================
Received Prepare
Registering precompiled user dll's ...
Registered in 0.000773 seconds.
Begin MonoManager ReloadAssembly
Native extension for WindowsStandalone target not found
Native extension for WebGL target not found
Refreshing native plugins compatible for Editor in 0.48 ms, found 1 plugins.
Preloading 0 native plugins for Editor in 0.00 ms.
Mono: successfully reloaded assembly
- Completed reload, in  1.205 seconds
Platform modules already initialized, skipping
Refreshing native plugins compatible for Editor in 0.46 ms, found 1 plugins.
Preloading 0 native plugins for Editor in 0.00 ms.
Unloading 1818 Unused Serialized files (Serialized files now loaded: 0)
System memory in use before: 88.8 MB.
System memory in use after: 88.7 MB.

Unloading 12 unused Assets to reduce memory usage. Loaded Objects now: 2378.
Total: 3.635062 ms (FindLiveObjects: 0.526443 ms CreateObjectMapping: 0.223663 ms MarkObjects: 2.733994 ms  DeleteObjects: 0.148824 ms)

AssetImportWorkerClient::OnTransportError - code=2 error=End of file
