Using pre-set license
Built from '2020.3/release' branch; Version is '2020.3.7f1 (dd97f2c94397) revision 14522354'; Using compiler version '192528614'; Build Type 'Release'
OS: 'Windows 10 Enterprise 2016 LTSB; OS build 14393.0; Version 1607; 64bit' Language: 'ru' Physical Memory: 5914 MB
BatchMode: 1, IsHumanControllingUs: 0, StartBugReporterOnCrash: 0, Is64bit: 1, IsPro: 0

 COMMAND LINE ARGUMENTS:
D:\Unity\2020.3.7f1\Editor\Unity.exe
-adb2
-batchMode
-noUpm
-name
AssetImportWorker0
-projectPath
D:/Git/Bandit_Git
-logFile
Logs/AssetImportWorker0.log
-srvPort
58753
Successfully changed project path to: D:/Git/Bandit_Git
D:/Git/Bandit_Git
Using Asset Import Pipeline V2.
Refreshing native plugins compatible for Editor in 71.96 ms, found 1 plugins.
Preloading 0 native plugins for Editor in 0.00 ms.
Initialize engine version: 2020.3.7f1 (dd97f2c94397)
[Subsystems] Discovering subsystems at path D:/Unity/2020.3.7f1/Editor/Data/Resources/UnitySubsystems
[Subsystems] Discovering subsystems at path D:/Git/Bandit_Git/Assets
GfxDevice: creating device client; threaded=0
Direct3D:
    Version:  Direct3D 11.0 [level 11.0]
    Renderer: NVIDIA GeForce GT 740M (ID=0x1292)
    Vendor:   
    VRAM:     2009 MB
    Driver:   25.21.14.2531
Initialize mono
Mono path[0] = 'D:/Unity/2020.3.7f1/Editor/Data/Managed'
Mono path[1] = 'D:/Unity/2020.3.7f1/Editor/Data/MonoBleedingEdge/lib/mono/unityjit'
Mono config path = 'D:/Unity/2020.3.7f1/Editor/Data/MonoBleedingEdge/etc'
Using monoOptions --debugger-agent=transport=dt_socket,embedding=1,server=y,suspend=n,address=127.0.0.1:56876
Begin MonoManager ReloadAssembly
Registering precompiled unity dll's ...
Register platform support module: D:/Unity/2020.3.7f1/Editor/Data/PlaybackEngines/WebGLSupport/UnityEditor.WebGL.Extensions.dll
Register platform support module: D:/Unity/2020.3.7f1/Editor/Data/PlaybackEngines/WindowsStandaloneSupport/UnityEditor.WindowsStandalone.Extensions.dll
Registered in 0.001106 seconds.
Native extension for WindowsStandalone target not found
Native extension for WebGL target not found
Refreshing native plugins compatible for Editor in 55.86 ms, found 1 plugins.
Preloading 0 native plugins for Editor in 0.00 ms.
Mono: successfully reloaded assembly
- Completed reload, in  1.487 seconds
Platform modules already initialized, skipping
Registering precompiled user dll's ...
Registered in 0.000937 seconds.
Begin MonoManager ReloadAssembly
Native extension for WindowsStandalone target not found
Native extension for WebGL target not found
Refreshing native plugins compatible for Editor in 70.58 ms, found 1 plugins.
Preloading 0 native plugins for Editor in 0.00 ms.
Mono: successfully reloaded assembly
- Completed reload, in  1.309 seconds
Platform modules already initialized, skipping
========================================================================
Worker process is ready to serve import requests
Launched and connected shader compiler UnityShaderCompiler.exe after 0.08 seconds
Refreshing native plugins compatible for Editor in 0.56 ms, found 1 plugins.
Preloading 0 native plugins for Editor in 0.00 ms.
Unloading 1877 Unused Serialized files (Serialized files now loaded: 0)
System memory in use before: 88.9 MB.
System memory in use after: 88.8 MB.

Unloading 24 unused Assets to reduce memory usage. Loaded Objects now: 2321.
Total: 5.367915 ms (FindLiveObjects: 0.490947 ms CreateObjectMapping: 0.253171 ms MarkObjects: 4.357796 ms  DeleteObjects: 0.265146 ms)

========================================================================
Received Import Request.
  path: Assets/Scenes/MainMenu.unity
  artifactKey: Guid(c9ac3a523fe1b19428000a32dd91221e) Importer(815301076,1909f56bfc062723c751e8b465ee728b)
Start importing Assets/Scenes/MainMenu.unity using Guid(c9ac3a523fe1b19428000a32dd91221e) Importer(815301076,1909f56bfc062723c751e8b465ee728b)  -> (artifact id: '8b7cb827ee6007d47f0661a25d4e7f6f') in 0.152319 seconds
  Import took 0.176062 seconds .

========================================================================
Received Import Request.
  Time since last request: 11.807420 seconds.
  path: Assets/Scenes/Game.unity
  artifactKey: Guid(5ad78d4dd8d54714a988d1fa52096d3f) Importer(815301076,1909f56bfc062723c751e8b465ee728b)
Start importing Assets/Scenes/Game.unity using Guid(5ad78d4dd8d54714a988d1fa52096d3f) Importer(815301076,1909f56bfc062723c751e8b465ee728b)  -> (artifact id: '71402675c693dcf6f1fec707a597d7e2') in 0.017770 seconds
  Import took 0.063801 seconds .

========================================================================
Received Prepare
Registering precompiled user dll's ...
Registered in 0.235978 seconds.
Begin MonoManager ReloadAssembly
Native extension for WindowsStandalone target not found
Native extension for WebGL target not found
Refreshing native plugins compatible for Editor in 0.61 ms, found 1 plugins.
Preloading 0 native plugins for Editor in 0.00 ms.
Mono: successfully reloaded assembly
- Completed reload, in  1.226 seconds
Platform modules already initialized, skipping
Refreshing native plugins compatible for Editor in 1.75 ms, found 1 plugins.
Preloading 0 native plugins for Editor in 0.00 ms.
Unloading 1859 Unused Serialized files (Serialized files now loaded: 0)
System memory in use before: 87.6 MB.
System memory in use after: 87.6 MB.

Unloading 12 unused Assets to reduce memory usage. Loaded Objects now: 2325.
Total: 5.364066 ms (FindLiveObjects: 0.407554 ms CreateObjectMapping: 0.132573 ms MarkObjects: 4.616954 ms  DeleteObjects: 0.203136 ms)

========================================================================
Received Prepare
Registering precompiled user dll's ...
Registered in 0.001034 seconds.
Begin MonoManager ReloadAssembly
Native extension for WindowsStandalone target not found
Native extension for WebGL target not found
Refreshing native plugins compatible for Editor in 0.63 ms, found 1 plugins.
Preloading 0 native plugins for Editor in 0.00 ms.
Mono: successfully reloaded assembly
- Completed reload, in  1.455 seconds
Platform modules already initialized, skipping
Refreshing native plugins compatible for Editor in 0.93 ms, found 1 plugins.
Preloading 0 native plugins for Editor in 0.00 ms.
Unloading 1859 Unused Serialized files (Serialized files now loaded: 0)
System memory in use before: 87.6 MB.
System memory in use after: 87.6 MB.

Unloading 12 unused Assets to reduce memory usage. Loaded Objects now: 2329.
Total: 3.118027 ms (FindLiveObjects: 0.327155 ms CreateObjectMapping: 0.210834 ms MarkObjects: 2.420523 ms  DeleteObjects: 0.156949 ms)

========================================================================
Received Import Request.
  Time since last request: 312.333095 seconds.
  path: Assets/Scripts/Player/PlayerCombatSystem.cs
  artifactKey: Guid(de297fd1fb87ad24081585edd4eca3af) Importer(815301076,1909f56bfc062723c751e8b465ee728b)
Start importing Assets/Scripts/Player/PlayerCombatSystem.cs using Guid(de297fd1fb87ad24081585edd4eca3af) Importer(815301076,1909f56bfc062723c751e8b465ee728b)  -> (artifact id: 'e0d3f80079a4d2872d691c83232165e2') in 0.583181 seconds
  Import took 0.587772 seconds .

========================================================================
Received Prepare
Registering precompiled user dll's ...
Registered in 0.001021 seconds.
Begin MonoManager ReloadAssembly
Native extension for WindowsStandalone target not found
Native extension for WebGL target not found
Refreshing native plugins compatible for Editor in 0.80 ms, found 1 plugins.
Preloading 0 native plugins for Editor in 0.00 ms.
Mono: successfully reloaded assembly
- Completed reload, in  1.575 seconds
Platform modules already initialized, skipping
Refreshing native plugins compatible for Editor in 0.96 ms, found 1 plugins.
Preloading 0 native plugins for Editor in 0.00 ms.
Unloading 1859 Unused Serialized files (Serialized files now loaded: 0)
System memory in use before: 87.6 MB.
System memory in use after: 87.6 MB.

Unloading 12 unused Assets to reduce memory usage. Loaded Objects now: 2333.
Total: 3.073551 ms (FindLiveObjects: 0.325017 ms CreateObjectMapping: 0.208268 ms MarkObjects: 2.379040 ms  DeleteObjects: 0.159515 ms)

========================================================================
Received Prepare
Registering precompiled user dll's ...
Registered in 0.000986 seconds.
Begin MonoManager ReloadAssembly
Native extension for WindowsStandalone target not found
Native extension for WebGL target not found
Refreshing native plugins compatible for Editor in 1.05 ms, found 1 plugins.
Preloading 0 native plugins for Editor in 0.00 ms.
Mono: successfully reloaded assembly
- Completed reload, in  1.488 seconds
Platform modules already initialized, skipping
Refreshing native plugins compatible for Editor in 0.59 ms, found 1 plugins.
Preloading 0 native plugins for Editor in 0.00 ms.
Unloading 1859 Unused Serialized files (Serialized files now loaded: 0)
System memory in use before: 87.7 MB.
System memory in use after: 87.6 MB.

Unloading 12 unused Assets to reduce memory usage. Loaded Objects now: 2337.
Total: 3.501205 ms (FindLiveObjects: 0.397291 ms CreateObjectMapping: 0.253171 ms MarkObjects: 2.673266 ms  DeleteObjects: 0.175766 ms)

========================================================================
Received Prepare
Registering precompiled user dll's ...
Registered in 0.001198 seconds.
Begin MonoManager ReloadAssembly
Native extension for WindowsStandalone target not found
Native extension for WebGL target not found
Refreshing native plugins compatible for Editor in 0.67 ms, found 1 plugins.
Preloading 0 native plugins for Editor in 0.00 ms.
Mono: successfully reloaded assembly
- Completed reload, in  1.622 seconds
Platform modules already initialized, skipping
Refreshing native plugins compatible for Editor in 0.67 ms, found 1 plugins.
Preloading 0 native plugins for Editor in 0.00 ms.
Unloading 1859 Unused Serialized files (Serialized files now loaded: 0)
System memory in use before: 87.7 MB.
System memory in use after: 87.6 MB.

Unloading 12 unused Assets to reduce memory usage. Loaded Objects now: 2341.
Total: 3.333564 ms (FindLiveObjects: 0.370776 ms CreateObjectMapping: 0.248467 ms MarkObjects: 2.563787 ms  DeleteObjects: 0.149251 ms)

========================================================================
Received Prepare
Registering precompiled user dll's ...
Registered in 0.126568 seconds.
Begin MonoManager ReloadAssembly
Native extension for WindowsStandalone target not found
Native extension for WebGL target not found
Refreshing native plugins compatible for Editor in 0.76 ms, found 1 plugins.
Preloading 0 native plugins for Editor in 0.00 ms.
Mono: successfully reloaded assembly
- Completed reload, in  1.405 seconds
Platform modules already initialized, skipping
Refreshing native plugins compatible for Editor in 1.09 ms, found 1 plugins.
Preloading 0 native plugins for Editor in 0.00 ms.
Unloading 1859 Unused Serialized files (Serialized files now loaded: 0)
System memory in use before: 87.7 MB.
System memory in use after: 87.7 MB.

Unloading 12 unused Assets to reduce memory usage. Loaded Objects now: 2345.
Total: 6.023081 ms (FindLiveObjects: 0.462722 ms CreateObjectMapping: 0.121026 ms MarkObjects: 5.129712 ms  DeleteObjects: 0.305345 ms)

========================================================================
Received Import Request.
  Time since last request: 328434.882488 seconds.
  path: Assets/Scripts/Enemy/HotZoneCheck.cs
  artifactKey: Guid(1d60b44f0d4b2314e96844bc6816554d) Importer(815301076,1909f56bfc062723c751e8b465ee728b)
Start importing Assets/Scripts/Enemy/HotZoneCheck.cs using Guid(1d60b44f0d4b2314e96844bc6816554d) Importer(815301076,1909f56bfc062723c751e8b465ee728b)  -> (artifact id: 'de67546bec87bdc456705d88f1d422fe') in 0.070383 seconds
  Import took 0.111404 seconds .

========================================================================
Received Import Request.
  Time since last request: 6.523843 seconds.
  path: Assets/Scripts/Enemy/TriggerAreaCheck.cs
  artifactKey: Guid(9d01c230b7c34904aa11a45dcc8a8880) Importer(815301076,1909f56bfc062723c751e8b465ee728b)
Start importing Assets/Scripts/Enemy/TriggerAreaCheck.cs using Guid(9d01c230b7c34904aa11a45dcc8a8880) Importer(815301076,1909f56bfc062723c751e8b465ee728b)  -> (artifact id: 'b3924804cfa80179f6085dc27031927d') in 0.039541 seconds
  Import took 0.073772 seconds .

========================================================================
Received Import Request.
  Time since last request: 8.645762 seconds.
  path: Assets/Scripts/UI/HealthBar.cs
  artifactKey: Guid(4b2748e06c1436746810187ce0005fc1) Importer(815301076,1909f56bfc062723c751e8b465ee728b)
Start importing Assets/Scripts/UI/HealthBar.cs using Guid(4b2748e06c1436746810187ce0005fc1) Importer(815301076,1909f56bfc062723c751e8b465ee728b)  -> (artifact id: 'c86e61b3ced795fdf5e016219c49c86e') in 0.008152 seconds
  Import took 0.012640 seconds .

========================================================================
Received Import Request.
  Time since last request: 0.121273 seconds.
  path: Assets/Scripts/UI/HealthBar.cs
  artifactKey: Guid(4b2748e06c1436746810187ce0005fc1) Importer(815301076,1909f56bfc062723c751e8b465ee728b)
Start importing Assets/Scripts/UI/HealthBar.cs using Guid(4b2748e06c1436746810187ce0005fc1) Importer(815301076,1909f56bfc062723c751e8b465ee728b)  -> (artifact id: 'c86e61b3ced795fdf5e016219c49c86e') in 0.003212 seconds
  Import took 0.027499 seconds .

========================================================================
Received Import Request.
  Time since last request: 22.541107 seconds.
  path: Assets/Scripts/UI/PauseMenu.cs
  artifactKey: Guid(1f75fc59966ddbb47aa36ad7fdfe75d7) Importer(815301076,1909f56bfc062723c751e8b465ee728b)
Start importing Assets/Scripts/UI/PauseMenu.cs using Guid(1f75fc59966ddbb47aa36ad7fdfe75d7) Importer(815301076,1909f56bfc062723c751e8b465ee728b)  -> (artifact id: '37b81d134c4962f710b55b4bbb490f3b') in 0.061169 seconds
  Import took 0.141111 seconds .

========================================================================
Received Import Request.
  Time since last request: 4.903447 seconds.
  path: Assets/Scripts/UI/StaminaBar.cs
  artifactKey: Guid(30bba73e773f9f8419a835dfc4d98bd8) Importer(815301076,1909f56bfc062723c751e8b465ee728b)
Start importing Assets/Scripts/UI/StaminaBar.cs using Guid(30bba73e773f9f8419a835dfc4d98bd8) Importer(815301076,1909f56bfc062723c751e8b465ee728b)  -> (artifact id: '0b0c070f2a9f5fede2bf849c9ba8536a') in 0.063221 seconds
  Import took 0.088241 seconds .

========================================================================
Received Import Request.
  Time since last request: 10.286067 seconds.
  path: Assets/Scripts/Player/PlayerMovement.cs
  artifactKey: Guid(0c14c0a2b07f5484cbe7d010b9fed709) Importer(815301076,1909f56bfc062723c751e8b465ee728b)
Start importing Assets/Scripts/Player/PlayerMovement.cs using Guid(0c14c0a2b07f5484cbe7d010b9fed709) Importer(815301076,1909f56bfc062723c751e8b465ee728b)  -> (artifact id: '136e9809bdd141cd062de4295e979b5c') in 0.008887 seconds
  Import took 0.041931 seconds .

========================================================================
Received Prepare
Registering precompiled user dll's ...
Registered in 0.000993 seconds.
Begin MonoManager ReloadAssembly
Native extension for WindowsStandalone target not found
Native extension for WebGL target not found
Refreshing native plugins compatible for Editor in 0.67 ms, found 1 plugins.
Preloading 0 native plugins for Editor in 0.00 ms.
Mono: successfully reloaded assembly
- Completed reload, in  1.271 seconds
Platform modules already initialized, skipping
Refreshing native plugins compatible for Editor in 0.59 ms, found 1 plugins.
Preloading 0 native plugins for Editor in 0.00 ms.
Unloading 1859 Unused Serialized files (Serialized files now loaded: 0)
System memory in use before: 87.7 MB.
System memory in use after: 87.7 MB.

Unloading 12 unused Assets to reduce memory usage. Loaded Objects now: 2349.
Total: 4.402272 ms (FindLiveObjects: 0.884816 ms CreateObjectMapping: 0.165075 ms MarkObjects: 3.108618 ms  DeleteObjects: 0.242052 ms)

========================================================================
Received Import Request.
  Time since last request: 294.218619 seconds.
  path: Assets/Scripts/Player/PlayerMovement.cs
  artifactKey: Guid(0c14c0a2b07f5484cbe7d010b9fed709) Importer(815301076,1909f56bfc062723c751e8b465ee728b)
Start importing Assets/Scripts/Player/PlayerMovement.cs using Guid(0c14c0a2b07f5484cbe7d010b9fed709) Importer(815301076,1909f56bfc062723c751e8b465ee728b)  -> (artifact id: 'cb8fa778ad197de11829e9eb6f4a1cc8') in 0.005893 seconds
  Import took 0.010338 seconds .

========================================================================
Received Prepare
Registering precompiled user dll's ...
Registered in 0.001110 seconds.
Begin MonoManager ReloadAssembly
Native extension for WindowsStandalone target not found
Native extension for WebGL target not found
Refreshing native plugins compatible for Editor in 0.58 ms, found 1 plugins.
Preloading 0 native plugins for Editor in 0.00 ms.
Mono: successfully reloaded assembly
- Completed reload, in  1.374 seconds
Platform modules already initialized, skipping
Refreshing native plugins compatible for Editor in 0.61 ms, found 1 plugins.
Preloading 0 native plugins for Editor in 0.00 ms.
Unloading 1859 Unused Serialized files (Serialized files now loaded: 0)
System memory in use before: 87.7 MB.
System memory in use after: 87.7 MB.

Unloading 12 unused Assets to reduce memory usage. Loaded Objects now: 2353.
Total: 6.050024 ms (FindLiveObjects: 1.822234 ms CreateObjectMapping: 0.264718 ms MarkObjects: 3.756942 ms  DeleteObjects: 0.203991 ms)

========================================================================
Received Prepare
Registering precompiled user dll's ...
Registered in 0.001017 seconds.
Begin MonoManager ReloadAssembly
Native extension for WindowsStandalone target not found
Native extension for WebGL target not found
Refreshing native plugins compatible for Editor in 0.59 ms, found 1 plugins.
Preloading 0 native plugins for Editor in 0.00 ms.
Mono: successfully reloaded assembly
- Completed reload, in  3.151 seconds
Platform modules already initialized, skipping
Refreshing native plugins compatible for Editor in 0.92 ms, found 1 plugins.
Preloading 0 native plugins for Editor in 0.00 ms.
Unloading 1859 Unused Serialized files (Serialized files now loaded: 0)
System memory in use before: 87.7 MB.
System memory in use after: 87.7 MB.

Unloading 12 unused Assets to reduce memory usage. Loaded Objects now: 2357.
Total: 5.038194 ms (FindLiveObjects: 1.515179 ms CreateObjectMapping: 0.249750 ms MarkObjects: 2.931569 ms  DeleteObjects: 0.339557 ms)

========================================================================
Received Prepare
Registering precompiled user dll's ...
Registered in 0.000990 seconds.
Begin MonoManager ReloadAssembly
Native extension for WindowsStandalone target not found
Native extension for WebGL target not found
Refreshing native plugins compatible for Editor in 0.61 ms, found 1 plugins.
Preloading 0 native plugins for Editor in 0.00 ms.
Mono: successfully reloaded assembly
- Completed reload, in  2.638 seconds
Platform modules already initialized, skipping
Refreshing native plugins compatible for Editor in 1.01 ms, found 1 plugins.
Preloading 0 native plugins for Editor in 0.00 ms.
Unloading 1859 Unused Serialized files (Serialized files now loaded: 0)
System memory in use before: 87.7 MB.
System memory in use after: 87.7 MB.

Unloading 12 unused Assets to reduce memory usage. Loaded Objects now: 2361.
Total: 5.423510 ms (FindLiveObjects: 0.548253 ms CreateObjectMapping: 0.255737 ms MarkObjects: 4.343683 ms  DeleteObjects: 0.273271 ms)

========================================================================
Received Prepare
Registering precompiled user dll's ...
Registered in 0.001481 seconds.
Begin MonoManager ReloadAssembly
Native extension for WindowsStandalone target not found
Native extension for WebGL target not found
Refreshing native plugins compatible for Editor in 0.56 ms, found 1 plugins.
Preloading 0 native plugins for Editor in 0.00 ms.
Mono: successfully reloaded assembly
- Completed reload, in  1.406 seconds
Platform modules already initialized, skipping
Refreshing native plugins compatible for Editor in 1.07 ms, found 1 plugins.
Preloading 0 native plugins for Editor in 0.00 ms.
Unloading 1859 Unused Serialized files (Serialized files now loaded: 0)
System memory in use before: 87.7 MB.
System memory in use after: 87.7 MB.

Unloading 12 unused Assets to reduce memory usage. Loaded Objects now: 2365.
Total: 11.576598 ms (FindLiveObjects: 0.870704 ms CreateObjectMapping: 0.617105 ms MarkObjects: 9.828348 ms  DeleteObjects: 0.256165 ms)

========================================================================
Received Prepare
Registering precompiled user dll's ...
Registered in 0.001477 seconds.
Begin MonoManager ReloadAssembly
Native extension for WindowsStandalone target not found
Native extension for WebGL target not found
Refreshing native plugins compatible for Editor in 0.60 ms, found 1 plugins.
Preloading 0 native plugins for Editor in 0.00 ms.
Mono: successfully reloaded assembly
- Completed reload, in  1.270 seconds
Platform modules already initialized, skipping
Refreshing native plugins compatible for Editor in 0.68 ms, found 1 plugins.
Preloading 0 native plugins for Editor in 0.00 ms.
Unloading 1859 Unused Serialized files (Serialized files now loaded: 0)
System memory in use before: 87.7 MB.
System memory in use after: 87.7 MB.

Unloading 12 unused Assets to reduce memory usage. Loaded Objects now: 2369.
Total: 6.131706 ms (FindLiveObjects: 0.620954 ms CreateObjectMapping: 0.279686 ms MarkObjects: 4.709328 ms  DeleteObjects: 0.518745 ms)

========================================================================
Received Prepare
Registering precompiled user dll's ...
Registered in 0.002090 seconds.
Begin MonoManager ReloadAssembly
Native extension for WindowsStandalone target not found
Native extension for WebGL target not found
Refreshing native plugins compatible for Editor in 1.05 ms, found 1 plugins.
Preloading 0 native plugins for Editor in 0.00 ms.
Mono: successfully reloaded assembly
- Completed reload, in  1.514 seconds
Platform modules already initialized, skipping
Refreshing native plugins compatible for Editor in 0.67 ms, found 1 plugins.
Preloading 0 native plugins for Editor in 0.00 ms.
Unloading 1859 Unused Serialized files (Serialized files now loaded: 0)
System memory in use before: 87.7 MB.
System memory in use after: 87.7 MB.

Unloading 12 unused Assets to reduce memory usage. Loaded Objects now: 2373.
Total: 5.158365 ms (FindLiveObjects: 0.502921 ms CreateObjectMapping: 0.325872 ms MarkObjects: 4.063570 ms  DeleteObjects: 0.263435 ms)

========================================================================
Received Prepare
Registering precompiled user dll's ...
Registered in 0.001043 seconds.
Begin MonoManager ReloadAssembly
Native extension for WindowsStandalone target not found
Native extension for WebGL target not found
Refreshing native plugins compatible for Editor in 0.68 ms, found 1 plugins.
Preloading 0 native plugins for Editor in 0.00 ms.
Mono: successfully reloaded assembly
- Completed reload, in  1.450 seconds
Platform modules already initialized, skipping
Refreshing native plugins compatible for Editor in 1.42 ms, found 1 plugins.
Preloading 0 native plugins for Editor in 0.00 ms.
Unloading 1859 Unused Serialized files (Serialized files now loaded: 0)
System memory in use before: 87.8 MB.
System memory in use after: 87.7 MB.

Unloading 12 unused Assets to reduce memory usage. Loaded Objects now: 2377.
Total: 3.999422 ms (FindLiveObjects: 0.294226 ms CreateObjectMapping: 0.143692 ms MarkObjects: 3.360506 ms  DeleteObjects: 0.198432 ms)

========================================================================
Received Prepare
Registering precompiled user dll's ...
Registered in 0.001637 seconds.
Begin MonoManager ReloadAssembly
Native extension for WindowsStandalone target not found
Native extension for WebGL target not found
Refreshing native plugins compatible for Editor in 0.98 ms, found 1 plugins.
Preloading 0 native plugins for Editor in 0.00 ms.
Mono: successfully reloaded assembly
- Completed reload, in  1.922 seconds
Platform modules already initialized, skipping
Refreshing native plugins compatible for Editor in 0.87 ms, found 1 plugins.
Preloading 0 native plugins for Editor in 0.00 ms.
Unloading 1859 Unused Serialized files (Serialized files now loaded: 0)
System memory in use before: 87.8 MB.
System memory in use after: 87.7 MB.

Unloading 12 unused Assets to reduce memory usage. Loaded Objects now: 2381.
Total: 9.573466 ms (FindLiveObjects: 0.376336 ms CreateObjectMapping: 0.113328 ms MarkObjects: 8.872113 ms  DeleteObjects: 0.209551 ms)

========================================================================
Received Prepare
Registering precompiled user dll's ...
Registered in 0.001061 seconds.
Begin MonoManager ReloadAssembly
Native extension for WindowsStandalone target not found
Native extension for WebGL target not found
Refreshing native plugins compatible for Editor in 0.62 ms, found 1 plugins.
Preloading 0 native plugins for Editor in 0.00 ms.
Mono: successfully reloaded assembly
- Completed reload, in  1.279 seconds
Platform modules already initialized, skipping
Refreshing native plugins compatible for Editor in 0.60 ms, found 1 plugins.
Preloading 0 native plugins for Editor in 0.00 ms.
Unloading 1859 Unused Serialized files (Serialized files now loaded: 0)
System memory in use before: 87.8 MB.
System memory in use after: 87.7 MB.

Unloading 12 unused Assets to reduce memory usage. Loaded Objects now: 2385.
Total: 3.829215 ms (FindLiveObjects: 0.434497 ms CreateObjectMapping: 0.147113 ms MarkObjects: 3.038055 ms  DeleteObjects: 0.206985 ms)

========================================================================
Received Prepare
Registering precompiled user dll's ...
Registered in 0.001074 seconds.
Begin MonoManager ReloadAssembly
Native extension for WindowsStandalone target not found
Native extension for WebGL target not found
Refreshing native plugins compatible for Editor in 0.58 ms, found 1 plugins.
Preloading 0 native plugins for Editor in 0.00 ms.
Mono: successfully reloaded assembly
- Completed reload, in  1.431 seconds
Platform modules already initialized, skipping
Refreshing native plugins compatible for Editor in 0.65 ms, found 1 plugins.
Preloading 0 native plugins for Editor in 0.00 ms.
Unloading 1859 Unused Serialized files (Serialized files now loaded: 0)
System memory in use before: 87.8 MB.
System memory in use after: 87.8 MB.

Unloading 12 unused Assets to reduce memory usage. Loaded Objects now: 2389.
Total: 3.735132 ms (FindLiveObjects: 0.339557 ms CreateObjectMapping: 0.206985 ms MarkObjects: 3.005554 ms  DeleteObjects: 0.180898 ms)

========================================================================
Received Import Request.
  Time since last request: 2160.209336 seconds.
  path: Assets/Animations/Skeleton/Death.anim
  artifactKey: Guid(ad4d2d52ef9fc914588917a3389f2e26) Importer(815301076,1909f56bfc062723c751e8b465ee728b)
Start importing Assets/Animations/Skeleton/Death.anim using Guid(ad4d2d52ef9fc914588917a3389f2e26) Importer(815301076,1909f56bfc062723c751e8b465ee728b)  -> (artifact id: 'db8919fd8ab325a0f734ca37d3c0df6b') in 0.631828 seconds
  Import took 0.642465 seconds .

========================================================================
Received Prepare
Registering precompiled user dll's ...
Registered in 0.001098 seconds.
Begin MonoManager ReloadAssembly
Native extension for WindowsStandalone target not found
Native extension for WebGL target not found
Refreshing native plugins compatible for Editor in 1.26 ms, found 1 plugins.
Preloading 0 native plugins for Editor in 0.00 ms.
Mono: successfully reloaded assembly
- Completed reload, in  1.596 seconds
Platform modules already initialized, skipping
Refreshing native plugins compatible for Editor in 0.59 ms, found 1 plugins.
Preloading 0 native plugins for Editor in 0.00 ms.
Unloading 1859 Unused Serialized files (Serialized files now loaded: 0)
System memory in use before: 87.8 MB.
System memory in use after: 87.8 MB.

Unloading 12 unused Assets to reduce memory usage. Loaded Objects now: 2393.
Total: 5.173333 ms (FindLiveObjects: 0.612828 ms CreateObjectMapping: 0.323734 ms MarkObjects: 4.029785 ms  DeleteObjects: 0.204419 ms)

========================================================================
Received Prepare
Registering precompiled user dll's ...
Registered in 0.001185 seconds.
Begin MonoManager ReloadAssembly
Native extension for WindowsStandalone target not found
Native extension for WebGL target not found
Refreshing native plugins compatible for Editor in 0.56 ms, found 1 plugins.
Preloading 0 native plugins for Editor in 0.00 ms.
Mono: successfully reloaded assembly
- Completed reload, in  1.330 seconds
Platform modules already initialized, skipping
Refreshing native plugins compatible for Editor in 0.68 ms, found 1 plugins.
Preloading 0 native plugins for Editor in 0.00 ms.
Unloading 1859 Unused Serialized files (Serialized files now loaded: 0)
System memory in use before: 87.8 MB.
System memory in use after: 87.8 MB.

Unloading 12 unused Assets to reduce memory usage. Loaded Objects now: 2397.
Total: 3.516600 ms (FindLiveObjects: 0.388310 ms CreateObjectMapping: 0.239914 ms MarkObjects: 2.710900 ms  DeleteObjects: 0.174911 ms)

========================================================================
Received Prepare
Registering precompiled user dll's ...
Registered in 0.001382 seconds.
Begin MonoManager ReloadAssembly
Native extension for WindowsStandalone target not found
Native extension for WebGL target not found
Refreshing native plugins compatible for Editor in 0.62 ms, found 1 plugins.
Preloading 0 native plugins for Editor in 0.00 ms.
Mono: successfully reloaded assembly
- Completed reload, in  1.723 seconds
Platform modules already initialized, skipping
Refreshing native plugins compatible for Editor in 1.51 ms, found 1 plugins.
Preloading 0 native plugins for Editor in 0.00 ms.
Unloading 1859 Unused Serialized files (Serialized files now loaded: 0)
System memory in use before: 87.8 MB.
System memory in use after: 87.8 MB.

Unloading 12 unused Assets to reduce memory usage. Loaded Objects now: 2401.
Total: 4.046036 ms (FindLiveObjects: 0.543976 ms CreateObjectMapping: 0.246756 ms MarkObjects: 2.973907 ms  DeleteObjects: 0.279686 ms)

========================================================================
Received Prepare
Registering precompiled user dll's ...
Registered in 0.001032 seconds.
Begin MonoManager ReloadAssembly
Native extension for WindowsStandalone target not found
Native extension for WebGL target not found
Refreshing native plugins compatible for Editor in 0.67 ms, found 1 plugins.
Preloading 0 native plugins for Editor in 0.00 ms.
Mono: successfully reloaded assembly
- Completed reload, in  1.462 seconds
Platform modules already initialized, skipping
Refreshing native plugins compatible for Editor in 0.61 ms, found 1 plugins.
Preloading 0 native plugins for Editor in 0.00 ms.
Unloading 1859 Unused Serialized files (Serialized files now loaded: 0)
System memory in use before: 87.8 MB.
System memory in use after: 87.8 MB.

Unloading 12 unused Assets to reduce memory usage. Loaded Objects now: 2405.
Total: 4.186734 ms (FindLiveObjects: 0.587169 ms CreateObjectMapping: 0.299786 ms MarkObjects: 3.126152 ms  DeleteObjects: 0.171489 ms)

========================================================================
Received Prepare
Registering precompiled user dll's ...
Registered in 0.000936 seconds.
Begin MonoManager ReloadAssembly
Native extension for WindowsStandalone target not found
Native extension for WebGL target not found
Refreshing native plugins compatible for Editor in 1.06 ms, found 1 plugins.
Preloading 0 native plugins for Editor in 0.00 ms.
Mono: successfully reloaded assembly
- Completed reload, in  1.209 seconds
Platform modules already initialized, skipping
Refreshing native plugins compatible for Editor in 0.59 ms, found 1 plugins.
Preloading 0 native plugins for Editor in 0.00 ms.
Unloading 1859 Unused Serialized files (Serialized files now loaded: 0)
System memory in use before: 87.8 MB.
System memory in use after: 87.8 MB.

Unloading 12 unused Assets to reduce memory usage. Loaded Objects now: 2409.
Total: 5.155371 ms (FindLiveObjects: 0.511047 ms CreateObjectMapping: 0.279686 ms MarkObjects: 4.153377 ms  DeleteObjects: 0.207840 ms)

========================================================================
Received Import Request.
  Time since last request: 711.325355 seconds.
  path: Assets/RewindTime/Demos/Particles/Looping/Looping Particles.unity
  artifactKey: Guid(80c6a1ee482cf304cb3de7407a1d70f0) Importer(815301076,1909f56bfc062723c751e8b465ee728b)
Start importing Assets/RewindTime/Demos/Particles/Looping/Looping Particles.unity using Guid(80c6a1ee482cf304cb3de7407a1d70f0) Importer(815301076,1909f56bfc062723c751e8b465ee728b)  -> (artifact id: 'a8180508ce54d7646454495204c1aced') in 0.083659 seconds
  Import took 0.090143 seconds .

========================================================================
Received Prepare
Registering precompiled user dll's ...
Registered in 0.000981 seconds.
Begin MonoManager ReloadAssembly
Native extension for WindowsStandalone target not found
Native extension for WebGL target not found
Refreshing native plugins compatible for Editor in 0.59 ms, found 1 plugins.
Preloading 0 native plugins for Editor in 0.00 ms.
Mono: successfully reloaded assembly
- Completed reload, in  1.463 seconds
Platform modules already initialized, skipping
Refreshing native plugins compatible for Editor in 0.68 ms, found 1 plugins.
Preloading 0 native plugins for Editor in 0.00 ms.
Unloading 1859 Unused Serialized files (Serialized files now loaded: 0)
System memory in use before: 87.9 MB.
System memory in use after: 87.8 MB.

Unloading 12 unused Assets to reduce memory usage. Loaded Objects now: 2413.
Total: 4.619948 ms (FindLiveObjects: 0.552529 ms CreateObjectMapping: 0.268567 ms MarkObjects: 3.635488 ms  DeleteObjects: 0.160370 ms)

========================================================================
Received Import Request.
  Time since last request: 43.081903 seconds.
  path: Assets/RewindTime/Demos/Particles/Non Looping/Non-Looping Particles.unity
  artifactKey: Guid(677fa3ff9f1ba744aa184ca3314532ab) Importer(815301076,1909f56bfc062723c751e8b465ee728b)
Start importing Assets/RewindTime/Demos/Particles/Non Looping/Non-Looping Particles.unity using Guid(677fa3ff9f1ba744aa184ca3314532ab) Importer(815301076,1909f56bfc062723c751e8b465ee728b)  -> (artifact id: '8a2b3f3814d222d9838274e68802ed85') in 0.047402 seconds
  Import took 0.063622 seconds .

========================================================================
Received Import Request.
  Time since last request: 5.082805 seconds.
  path: Assets/RewindTime/Demos/Method Run/Method Run.unity
  artifactKey: Guid(c4b703fe4c9fd2b488465c344a70d6eb) Importer(815301076,1909f56bfc062723c751e8b465ee728b)
Start importing Assets/RewindTime/Demos/Method Run/Method Run.unity using Guid(c4b703fe4c9fd2b488465c344a70d6eb) Importer(815301076,1909f56bfc062723c751e8b465ee728b)  -> (artifact id: 'c7d8a6fd50d27f0108f0f15f491659bb') in 0.013410 seconds
  Import took 0.050512 seconds .

========================================================================
Received Prepare
Registering precompiled user dll's ...
Registered in 0.001255 seconds.
Begin MonoManager ReloadAssembly
Native extension for WindowsStandalone target not found
Native extension for WebGL target not found
Refreshing native plugins compatible for Editor in 0.97 ms, found 1 plugins.
Preloading 0 native plugins for Editor in 0.00 ms.
Mono: successfully reloaded assembly
- Completed reload, in  1.420 seconds
Platform modules already initialized, skipping
Refreshing native plugins compatible for Editor in 0.64 ms, found 1 plugins.
Preloading 0 native plugins for Editor in 0.00 ms.
Unloading 1859 Unused Serialized files (Serialized files now loaded: 0)
System memory in use before: 87.9 MB.
System memory in use after: 87.9 MB.

Unloading 12 unused Assets to reduce memory usage. Loaded Objects now: 2417.
Total: 3.616244 ms (FindLiveObjects: 0.532002 ms CreateObjectMapping: 0.289950 ms MarkObjects: 2.506053 ms  DeleteObjects: 0.286528 ms)

========================================================================
Received Prepare
Registering precompiled user dll's ...
Registered in 0.001571 seconds.
Begin MonoManager ReloadAssembly
Native extension for WindowsStandalone target not found
Native extension for WebGL target not found
Refreshing native plugins compatible for Editor in 0.97 ms, found 1 plugins.
Preloading 0 native plugins for Editor in 0.00 ms.
Mono: successfully reloaded assembly
- Completed reload, in  1.411 seconds
Platform modules already initialized, skipping
Refreshing native plugins compatible for Editor in 0.77 ms, found 1 plugins.
Preloading 0 native plugins for Editor in 0.00 ms.
Unloading 1859 Unused Serialized files (Serialized files now loaded: 0)
System memory in use before: 87.9 MB.
System memory in use after: 87.9 MB.

Unloading 12 unused Assets to reduce memory usage. Loaded Objects now: 2421.
Total: 4.428359 ms (FindLiveObjects: 0.333143 ms CreateObjectMapping: 0.266856 ms MarkObjects: 3.613678 ms  DeleteObjects: 0.212116 ms)

========================================================================
Received Import Request.
  Time since last request: 58.111944 seconds.
  path: Assets/RewindTime/Demos/Individual Objects/Individual Objects.unity
  artifactKey: Guid(948767c753323f14a8206447fbafc5b8) Importer(815301076,1909f56bfc062723c751e8b465ee728b)
Start importing Assets/RewindTime/Demos/Individual Objects/Individual Objects.unity using Guid(948767c753323f14a8206447fbafc5b8) Importer(815301076,1909f56bfc062723c751e8b465ee728b)  -> (artifact id: '2cf3148918d0f1b13f5978d44a955f73') in 0.031757 seconds
  Import took 0.109314 seconds .

========================================================================
Received Prepare
Registering precompiled user dll's ...
Registered in 0.001085 seconds.
Begin MonoManager ReloadAssembly
Native extension for WindowsStandalone target not found
Native extension for WebGL target not found
Refreshing native plugins compatible for Editor in 0.64 ms, found 1 plugins.
Preloading 0 native plugins for Editor in 0.00 ms.
Mono: successfully reloaded assembly
- Completed reload, in  1.398 seconds
Platform modules already initialized, skipping
Refreshing native plugins compatible for Editor in 0.62 ms, found 1 plugins.
Preloading 0 native plugins for Editor in 0.00 ms.
Unloading 1859 Unused Serialized files (Serialized files now loaded: 0)
System memory in use before: 87.9 MB.
System memory in use after: 87.9 MB.

Unloading 12 unused Assets to reduce memory usage. Loaded Objects now: 2425.
Total: 3.331854 ms (FindLiveObjects: 0.338274 ms CreateObjectMapping: 0.209978 ms MarkObjects: 2.616388 ms  DeleteObjects: 0.164647 ms)

========================================================================
Received Import Request.
  Time since last request: 28.054394 seconds.
  path: Assets/RewindTime/Demos/Checkpoint Parent/Checkpoint parent.unity
  artifactKey: Guid(c27ba0b2af7e9a74a8bb17850d39aa5a) Importer(815301076,1909f56bfc062723c751e8b465ee728b)
Start importing Assets/RewindTime/Demos/Checkpoint Parent/Checkpoint parent.unity using Guid(c27ba0b2af7e9a74a8bb17850d39aa5a) Importer(815301076,1909f56bfc062723c751e8b465ee728b)  -> (artifact id: '8c95e5324fa489f4740935be3bc34d49') in 0.029302 seconds
  Import took 0.058796 seconds .

========================================================================
Received Prepare
Registering precompiled user dll's ...
Registered in 0.001029 seconds.
Begin MonoManager ReloadAssembly
Native extension for WindowsStandalone target not found
Native extension for WebGL target not found
Refreshing native plugins compatible for Editor in 0.62 ms, found 1 plugins.
Preloading 0 native plugins for Editor in 0.00 ms.
Mono: successfully reloaded assembly
- Completed reload, in  1.360 seconds
Platform modules already initialized, skipping
Refreshing native plugins compatible for Editor in 0.66 ms, found 1 plugins.
Preloading 0 native plugins for Editor in 0.00 ms.
Unloading 1859 Unused Serialized files (Serialized files now loaded: 0)
System memory in use before: 87.9 MB.
System memory in use after: 87.9 MB.

Unloading 12 unused Assets to reduce memory usage. Loaded Objects now: 2429.
Total: 5.037338 ms (FindLiveObjects: 0.546542 ms CreateObjectMapping: 0.244191 ms MarkObjects: 4.017811 ms  DeleteObjects: 0.225801 ms)

========================================================================
Received Prepare
Registering precompiled user dll's ...
Registered in 0.001049 seconds.
Begin MonoManager ReloadAssembly
Native extension for WindowsStandalone target not found
Native extension for WebGL target not found
Refreshing native plugins compatible for Editor in 0.62 ms, found 1 plugins.
Preloading 0 native plugins for Editor in 0.00 ms.
Mono: successfully reloaded assembly
- Completed reload, in  1.335 seconds
Platform modules already initialized, skipping
Refreshing native plugins compatible for Editor in 1.01 ms, found 1 plugins.
Preloading 0 native plugins for Editor in 0.00 ms.
Unloading 1859 Unused Serialized files (Serialized files now loaded: 0)
System memory in use before: 87.9 MB.
System memory in use after: 87.9 MB.

Unloading 12 unused Assets to reduce memory usage. Loaded Objects now: 2433.
Total: 3.784739 ms (FindLiveObjects: 0.520027 ms CreateObjectMapping: 0.256165 ms MarkObjects: 2.790016 ms  DeleteObjects: 0.215965 ms)

========================================================================
Received Import Request.
  Time since last request: 36.988454 seconds.
  path: Assets/RewindTime/Demos/Character Demo
  artifactKey: Guid(c0d7b40fd25ab134789bbf368354fdf8) Importer(815301076,1909f56bfc062723c751e8b465ee728b)
Start importing Assets/RewindTime/Demos/Character Demo using Guid(c0d7b40fd25ab134789bbf368354fdf8) Importer(815301076,1909f56bfc062723c751e8b465ee728b)  -> (artifact id: 'be536e0bb4bfc00bb53835170eacbe32') in 0.095375 seconds
  Import took 0.128946 seconds .

========================================================================
Received Import Request.
  Time since last request: 2.674284 seconds.
  path: Assets/RewindTime/Demos/Character Demo/Parsite Zombie
  artifactKey: Guid(a9dbfc2f696a4244c9071c670d30cdad) Importer(815301076,1909f56bfc062723c751e8b465ee728b)
Start importing Assets/RewindTime/Demos/Character Demo/Parsite Zombie using Guid(a9dbfc2f696a4244c9071c670d30cdad) Importer(815301076,1909f56bfc062723c751e8b465ee728b)  -> (artifact id: '8719c2ed82f2754c9f39c634068d4c6a') in 0.017571 seconds
  Import took 0.023182 seconds .

========================================================================
Received Import Request.
  Time since last request: 3.411651 seconds.
  path: Assets/RewindTime/Demos/Character Demo/Character Demo.unity
  artifactKey: Guid(d353be964bd266c42a88cb9913d1ce0b) Importer(815301076,1909f56bfc062723c751e8b465ee728b)
Start importing Assets/RewindTime/Demos/Character Demo/Character Demo.unity using Guid(d353be964bd266c42a88cb9913d1ce0b) Importer(815301076,1909f56bfc062723c751e8b465ee728b)  -> (artifact id: '0c84493ead0bdf94f630054abc3b3269') in 0.025950 seconds
  Import took 0.030390 seconds .

========================================================================
Received Prepare
Registering precompiled user dll's ...
Registered in 0.001136 seconds.
Begin MonoManager ReloadAssembly
Native extension for WindowsStandalone target not found
Native extension for WebGL target not found
Refreshing native plugins compatible for Editor in 9.33 ms, found 1 plugins.
Preloading 0 native plugins for Editor in 0.00 ms.
Mono: successfully reloaded assembly
- Completed reload, in  1.403 seconds
Platform modules already initialized, skipping
Refreshing native plugins compatible for Editor in 0.62 ms, found 1 plugins.
Preloading 0 native plugins for Editor in 0.00 ms.
Unloading 1859 Unused Serialized files (Serialized files now loaded: 0)
System memory in use before: 87.9 MB.
System memory in use after: 87.9 MB.

Unloading 12 unused Assets to reduce memory usage. Loaded Objects now: 2437.
Total: 3.280107 ms (FindLiveObjects: 0.487098 ms CreateObjectMapping: 0.209123 ms MarkObjects: 2.419667 ms  DeleteObjects: 0.162081 ms)

========================================================================
Received Import Request.
  Time since last request: 96.853025 seconds.
  path: Assets/RewindTime/Core Scripts/PointInTime.cs
  artifactKey: Guid(79c4214193b83424db34ad677c3bb93e) Importer(815301076,1909f56bfc062723c751e8b465ee728b)
Start importing Assets/RewindTime/Core Scripts/PointInTime.cs using Guid(79c4214193b83424db34ad677c3bb93e) Importer(815301076,1909f56bfc062723c751e8b465ee728b)  -> (artifact id: 'c15dd2f31c6e790e60ff57bfb6390860') in 0.019194 seconds
  Import took 0.031140 seconds .

========================================================================
Received Import Request.
  Time since last request: 1.550839 seconds.
  path: Assets/RewindTime/Core Scripts/ReTime.cs
  artifactKey: Guid(aa6b8f658fbb0724380367b5942c8125) Importer(815301076,1909f56bfc062723c751e8b465ee728b)
Start importing Assets/RewindTime/Core Scripts/ReTime.cs using Guid(aa6b8f658fbb0724380367b5942c8125) Importer(815301076,1909f56bfc062723c751e8b465ee728b)  -> (artifact id: '04005b33464b6292bbce62b8bc90d475') in 0.009302 seconds
  Import took 0.022223 seconds .

========================================================================
Received Prepare
Registering precompiled user dll's ...
Registered in 0.001013 seconds.
Begin MonoManager ReloadAssembly
Native extension for WindowsStandalone target not found
Native extension for WebGL target not found
Refreshing native plugins compatible for Editor in 0.57 ms, found 1 plugins.
Preloading 0 native plugins for Editor in 0.00 ms.
Mono: successfully reloaded assembly
- Completed reload, in  1.140 seconds
Platform modules already initialized, skipping
Refreshing native plugins compatible for Editor in 1.36 ms, found 1 plugins.
Preloading 0 native plugins for Editor in 0.00 ms.
Unloading 1859 Unused Serialized files (Serialized files now loaded: 0)
System memory in use before: 88.0 MB.
System memory in use after: 87.9 MB.

Unloading 12 unused Assets to reduce memory usage. Loaded Objects now: 2441.
Total: 3.168917 ms (FindLiveObjects: 0.351104 ms CreateObjectMapping: 0.214682 ms MarkObjects: 2.429076 ms  DeleteObjects: 0.171489 ms)

========================================================================
Received Import Request.
  Time since last request: 25.611557 seconds.
  path: Assets/Scripts/Rewind
  artifactKey: Guid(b360b9634174b5b4bbc62f7015b80f51) Importer(815301076,1909f56bfc062723c751e8b465ee728b)
Start importing Assets/Scripts/Rewind using Guid(b360b9634174b5b4bbc62f7015b80f51) Importer(815301076,1909f56bfc062723c751e8b465ee728b)  -> (artifact id: '9062edb3da9944b7ca54769dc91fec05') in 0.011548 seconds
  Import took 0.091106 seconds .

========================================================================
Received Prepare
Registering precompiled user dll's ...
Registered in 0.001062 seconds.
Begin MonoManager ReloadAssembly
Native extension for WindowsStandalone target not found
Native extension for WebGL target not found
Refreshing native plugins compatible for Editor in 0.69 ms, found 1 plugins.
Preloading 0 native plugins for Editor in 0.00 ms.
Mono: successfully reloaded assembly
- Completed reload, in  1.278 seconds
Platform modules already initialized, skipping
Refreshing native plugins compatible for Editor in 0.57 ms, found 1 plugins.
Preloading 0 native plugins for Editor in 0.00 ms.
Unloading 1859 Unused Serialized files (Serialized files now loaded: 0)
System memory in use before: 88.0 MB.
System memory in use after: 88.0 MB.

Unloading 12 unused Assets to reduce memory usage. Loaded Objects now: 2445.
Total: 3.224940 ms (FindLiveObjects: 0.366500 ms CreateObjectMapping: 0.140271 ms MarkObjects: 2.554806 ms  DeleteObjects: 0.161226 ms)

========================================================================
Received Import Request.
  Time since last request: 33.543971 seconds.
  path: Assets/Scenes/Game.unity
  artifactKey: Guid(5ad78d4dd8d54714a988d1fa52096d3f) Importer(815301076,1909f56bfc062723c751e8b465ee728b)
Start importing Assets/Scenes/Game.unity using Guid(5ad78d4dd8d54714a988d1fa52096d3f) Importer(815301076,1909f56bfc062723c751e8b465ee728b)  -> (artifact id: 'd4e8714b72b992da388db721809517b1') in 0.057445 seconds
  Import took 0.081634 seconds .

========================================================================
Received Prepare
Registering precompiled user dll's ...
Registered in 0.001316 seconds.
Begin MonoManager ReloadAssembly
Native extension for WindowsStandalone target not found
Native extension for WebGL target not found
Refreshing native plugins compatible for Editor in 0.69 ms, found 1 plugins.
Preloading 0 native plugins for Editor in 0.00 ms.
Mono: successfully reloaded assembly
- Completed reload, in  1.437 seconds
Platform modules already initialized, skipping
Refreshing native plugins compatible for Editor in 0.65 ms, found 1 plugins.
Preloading 0 native plugins for Editor in 0.00 ms.
Unloading 1856 Unused Serialized files (Serialized files now loaded: 0)
System memory in use before: 87.9 MB.
System memory in use after: 87.9 MB.

Unloading 14 unused Assets to reduce memory usage. Loaded Objects now: 2447.
Total: 3.992579 ms (FindLiveObjects: 0.531574 ms CreateObjectMapping: 0.322879 ms MarkObjects: 2.929431 ms  DeleteObjects: 0.206557 ms)

========================================================================
Received Import Request.
  Time since last request: 197.627796 seconds.
  path: Assets/Scripts/Rewind/ReTimeParticles.cs
  artifactKey: Guid(926134448401b7042b4db4b0e4f8f8df) Importer(815301076,1909f56bfc062723c751e8b465ee728b)
Start importing Assets/Scripts/Rewind/ReTimeParticles.cs using Guid(926134448401b7042b4db4b0e4f8f8df) Importer(815301076,1909f56bfc062723c751e8b465ee728b)  -> (artifact id: '968d589441671ae90ae11afd9ab2b285') in 0.027902 seconds
  Import took 0.045005 seconds .

========================================================================
Received Prepare
Registering precompiled user dll's ...
Registered in 0.001478 seconds.
Begin MonoManager ReloadAssembly
Native extension for WindowsStandalone target not found
Native extension for WebGL target not found
Refreshing native plugins compatible for Editor in 0.59 ms, found 1 plugins.
Preloading 0 native plugins for Editor in 0.00 ms.
Mono: successfully reloaded assembly
- Completed reload, in  1.228 seconds
Platform modules already initialized, skipping
Refreshing native plugins compatible for Editor in 0.59 ms, found 1 plugins.
Preloading 0 native plugins for Editor in 0.00 ms.
Unloading 1856 Unused Serialized files (Serialized files now loaded: 0)
System memory in use before: 87.9 MB.
System memory in use after: 87.9 MB.

Unloading 12 unused Assets to reduce memory usage. Loaded Objects now: 2451.
Total: 3.126580 ms (FindLiveObjects: 0.288239 ms CreateObjectMapping: 0.140698 ms MarkObjects: 2.373481 ms  DeleteObjects: 0.322024 ms)

========================================================================
Received Import Request.
  Time since last request: 5.575179 seconds.
  path: Assets/ReTime
  artifactKey: Guid(120a14f1ba390bc479c08fbec554e42d) Importer(815301076,1909f56bfc062723c751e8b465ee728b)
Start importing Assets/ReTime using Guid(120a14f1ba390bc479c08fbec554e42d) Importer(815301076,1909f56bfc062723c751e8b465ee728b)  -> (artifact id: '77f09de1fec08a9202e737985c2fe20b') in 0.005956 seconds
  Import took 0.010476 seconds .

========================================================================
Received Prepare
Registering precompiled user dll's ...
Registered in 0.001141 seconds.
Begin MonoManager ReloadAssembly
Native extension for WindowsStandalone target not found
Native extension for WebGL target not found
Refreshing native plugins compatible for Editor in 0.67 ms, found 1 plugins.
Preloading 0 native plugins for Editor in 0.00 ms.
Mono: successfully reloaded assembly
- Completed reload, in  1.676 seconds
Platform modules already initialized, skipping
Refreshing native plugins compatible for Editor in 0.64 ms, found 1 plugins.
Preloading 0 native plugins for Editor in 0.00 ms.
Unloading 1856 Unused Serialized files (Serialized files now loaded: 0)
System memory in use before: 87.9 MB.
System memory in use after: 87.9 MB.

Unloading 12 unused Assets to reduce memory usage. Loaded Objects now: 2455.
Total: 3.472552 ms (FindLiveObjects: 0.384461 ms CreateObjectMapping: 0.138988 ms MarkObjects: 2.772910 ms  DeleteObjects: 0.173628 ms)

========================================================================
Received Import Request.
  Time since last request: 746.898238 seconds.
  path: Assets/Scripts/Rewind/ReTime.cs
  artifactKey: Guid(aa6b8f658fbb0724380367b5942c8125) Importer(815301076,1909f56bfc062723c751e8b465ee728b)
Start importing Assets/Scripts/Rewind/ReTime.cs using Guid(aa6b8f658fbb0724380367b5942c8125) Importer(815301076,1909f56bfc062723c751e8b465ee728b)  -> (artifact id: 'd6f08097c3e067667bf071c39e885865') in 0.007077 seconds
  Import took 0.011291 seconds .

========================================================================
Received Import Request.
  Time since last request: 28.651415 seconds.
  path: Assets/Scripts/Rewind/PointInTime.cs
  artifactKey: Guid(79c4214193b83424db34ad677c3bb93e) Importer(815301076,1909f56bfc062723c751e8b465ee728b)
Start importing Assets/Scripts/Rewind/PointInTime.cs using Guid(79c4214193b83424db34ad677c3bb93e) Importer(815301076,1909f56bfc062723c751e8b465ee728b)  -> (artifact id: '907d92614ab6a4b1bc4fcdd3333249a4') in 0.011194 seconds
  Import took 0.018266 seconds .

========================================================================
Received Import Request.
  Time since last request: 0.002567 seconds.
  path: Assets/Scripts/Rewind/PointInTime.cs
  artifactKey: Guid(79c4214193b83424db34ad677c3bb93e) Importer(815301076,1909f56bfc062723c751e8b465ee728b)
Start importing Assets/Scripts/Rewind/PointInTime.cs using Guid(79c4214193b83424db34ad677c3bb93e) Importer(815301076,1909f56bfc062723c751e8b465ee728b)  -> (artifact id: '907d92614ab6a4b1bc4fcdd3333249a4') in 0.002837 seconds
  Import took 0.044092 seconds .

========================================================================
Received Prepare
Registering precompiled user dll's ...
Registered in 0.000969 seconds.
Begin MonoManager ReloadAssembly
Native extension for WindowsStandalone target not found
Native extension for WebGL target not found
Refreshing native plugins compatible for Editor in 0.68 ms, found 1 plugins.
Preloading 0 native plugins for Editor in 0.00 ms.
Mono: successfully reloaded assembly
- Completed reload, in  1.260 seconds
Platform modules already initialized, skipping
Refreshing native plugins compatible for Editor in 0.60 ms, found 1 plugins.
Preloading 0 native plugins for Editor in 0.00 ms.
Unloading 1856 Unused Serialized files (Serialized files now loaded: 0)
System memory in use before: 87.9 MB.
System memory in use after: 87.9 MB.

Unloading 12 unused Assets to reduce memory usage. Loaded Objects now: 2459.
Total: 3.482816 ms (FindLiveObjects: 0.439201 ms CreateObjectMapping: 0.264290 ms MarkObjects: 2.624514 ms  DeleteObjects: 0.153100 ms)

========================================================================
Received Import Request.
  Time since last request: 126.636035 seconds.
  path: Assets/Scripts/Rewind/PointInTime.cs
  artifactKey: Guid(79c4214193b83424db34ad677c3bb93e) Importer(815301076,1909f56bfc062723c751e8b465ee728b)
Start importing Assets/Scripts/Rewind/PointInTime.cs using Guid(79c4214193b83424db34ad677c3bb93e) Importer(815301076,1909f56bfc062723c751e8b465ee728b)  -> (artifact id: 'b9eaed8dac337b45d79ac5edf3b4f263') in 0.006399 seconds
  Import took 0.010677 seconds .

========================================================================
Received Prepare
Registering precompiled user dll's ...
Registered in 0.000990 seconds.
Begin MonoManager ReloadAssembly
Native extension for WindowsStandalone target not found
Native extension for WebGL target not found
Refreshing native plugins compatible for Editor in 0.56 ms, found 1 plugins.
Preloading 0 native plugins for Editor in 0.00 ms.
Mono: successfully reloaded assembly
- Completed reload, in  1.272 seconds
Platform modules already initialized, skipping
Refreshing native plugins compatible for Editor in 0.63 ms, found 1 plugins.
Preloading 0 native plugins for Editor in 0.00 ms.
Unloading 1856 Unused Serialized files (Serialized files now loaded: 0)
System memory in use before: 88.0 MB.
System memory in use after: 87.9 MB.

Unloading 12 unused Assets to reduce memory usage. Loaded Objects now: 2463.
Total: 3.371198 ms (FindLiveObjects: 0.355381 ms CreateObjectMapping: 0.139843 ms MarkObjects: 2.715176 ms  DeleteObjects: 0.158660 ms)

========================================================================
Received Prepare
Registering precompiled user dll's ...
Registered in 0.001083 seconds.
Begin MonoManager ReloadAssembly
Native extension for WindowsStandalone target not found
Native extension for WebGL target not found
Refreshing native plugins compatible for Editor in 0.60 ms, found 1 plugins.
Preloading 0 native plugins for Editor in 0.00 ms.
Mono: successfully reloaded assembly
- Completed reload, in  1.279 seconds
Platform modules already initialized, skipping
Refreshing native plugins compatible for Editor in 0.79 ms, found 1 plugins.
Preloading 0 native plugins for Editor in 0.00 ms.
Unloading 1856 Unused Serialized files (Serialized files now loaded: 0)
System memory in use before: 88.0 MB.
System memory in use after: 87.9 MB.

Unloading 12 unused Assets to reduce memory usage. Loaded Objects now: 2467.
Total: 5.503909 ms (FindLiveObjects: 0.791588 ms CreateObjectMapping: 0.264290 ms MarkObjects: 4.125152 ms  DeleteObjects: 0.319458 ms)

========================================================================
Received Prepare
Registering precompiled user dll's ...
Registered in 0.001237 seconds.
Begin MonoManager ReloadAssembly
Native extension for WindowsStandalone target not found
Native extension for WebGL target not found
Refreshing native plugins compatible for Editor in 0.55 ms, found 1 plugins.
Preloading 0 native plugins for Editor in 0.00 ms.
Mono: successfully reloaded assembly
- Completed reload, in  1.195 seconds
Platform modules already initialized, skipping
Refreshing native plugins compatible for Editor in 0.70 ms, found 1 plugins.
Preloading 0 native plugins for Editor in 0.00 ms.
Unloading 1856 Unused Serialized files (Serialized files now loaded: 0)
System memory in use before: 88.0 MB.
System memory in use after: 87.9 MB.

Unloading 12 unused Assets to reduce memory usage. Loaded Objects now: 2471.
Total: 3.039338 ms (FindLiveObjects: 0.292515 ms CreateObjectMapping: 0.134283 ms MarkObjects: 2.433780 ms  DeleteObjects: 0.176621 ms)

========================================================================
Received Prepare
Registering precompiled user dll's ...
Registered in 0.000898 seconds.
Begin MonoManager ReloadAssembly
Native extension for WindowsStandalone target not found
Native extension for WebGL target not found
Refreshing native plugins compatible for Editor in 0.60 ms, found 1 plugins.
Preloading 0 native plugins for Editor in 0.00 ms.
Mono: successfully reloaded assembly
- Completed reload, in  1.256 seconds
Platform modules already initialized, skipping
Refreshing native plugins compatible for Editor in 0.57 ms, found 1 plugins.
Preloading 0 native plugins for Editor in 0.00 ms.
Unloading 1856 Unused Serialized files (Serialized files now loaded: 0)
System memory in use before: 88.0 MB.
System memory in use after: 88.0 MB.

Unloading 12 unused Assets to reduce memory usage. Loaded Objects now: 2475.
Total: 3.364783 ms (FindLiveObjects: 0.390448 ms CreateObjectMapping: 0.246329 ms MarkObjects: 2.586025 ms  DeleteObjects: 0.139843 ms)

========================================================================
Received Import Request.
  Time since last request: 306.252251 seconds.
  path: Assets/TextMesh Pro/Documentation
  artifactKey: Guid(8e7e8f5a82a3a134e91c54efd2274ea9) Importer(815301076,1909f56bfc062723c751e8b465ee728b)
Start importing Assets/TextMesh Pro/Documentation using Guid(8e7e8f5a82a3a134e91c54efd2274ea9) Importer(815301076,1909f56bfc062723c751e8b465ee728b)  -> (artifact id: 'f2adce1cbc01bf30f4e376e0fa11234f') in 0.024736 seconds
  Import took 0.046601 seconds .

========================================================================
Received Import Request.
  Time since last request: 1.925740 seconds.
  path: Assets/TextMesh Pro/Examples & Extras
  artifactKey: Guid(ce51c8e33b734b4db6086586558c53a3) Importer(815301076,1909f56bfc062723c751e8b465ee728b)
Start importing Assets/TextMesh Pro/Examples & Extras using Guid(ce51c8e33b734b4db6086586558c53a3) Importer(815301076,1909f56bfc062723c751e8b465ee728b)  -> (artifact id: '2a5aab87245c2e1ed2c024c863a91c20') in 0.042257 seconds
  Import took 0.082082 seconds .

========================================================================
Received Import Request.
  Time since last request: 11.347262 seconds.
  path: Assets/TextMesh Pro/Fonts
  artifactKey: Guid(6ab70aee4d56447429c680537fbf93ed) Importer(815301076,1909f56bfc062723c751e8b465ee728b)
Start importing Assets/TextMesh Pro/Fonts using Guid(6ab70aee4d56447429c680537fbf93ed) Importer(815301076,1909f56bfc062723c751e8b465ee728b)  -> (artifact id: '36ff2ff48542319222d5a93868bf2e45') in 0.081319 seconds
  Import took 0.092845 seconds .

========================================================================
Received Import Request.
  Time since last request: 2.843640 seconds.
  path: Assets/TextMesh Pro/Resources/LineBreaking Following Characters.txt
  artifactKey: Guid(fade42e8bc714b018fac513c043d323b) Importer(815301076,1909f56bfc062723c751e8b465ee728b)
Start importing Assets/TextMesh Pro/Resources/LineBreaking Following Characters.txt using Guid(fade42e8bc714b018fac513c043d323b) Importer(815301076,1909f56bfc062723c751e8b465ee728b)  -> (artifact id: '21d002a0ec4ace626d745f54870770f5') in 0.163511 seconds
  Import took 0.169707 seconds .

========================================================================
Received Import Request.
  Time since last request: 527.087366 seconds.
  path: Assets/Scripts/Rewind/Rewind v1.0
  artifactKey: Guid(4e84aadaf354e0944bcb2c0494b9e193) Importer(815301076,1909f56bfc062723c751e8b465ee728b)
Start importing Assets/Scripts/Rewind/Rewind v1.0 using Guid(4e84aadaf354e0944bcb2c0494b9e193) Importer(815301076,1909f56bfc062723c751e8b465ee728b)  -> (artifact id: '8619f8dca523a975c51fa0dbd91e3576') in 0.101367 seconds
  Import took 0.181145 seconds .

========================================================================
Received Import Request.
  Time since last request: 17.632278 seconds.
  path: Assets/Scripts/Rewind/Rewind v1.0/RewindBehavior.cs
  artifactKey: Guid(f0bf8bd34868759448bc84304af57540) Importer(815301076,1909f56bfc062723c751e8b465ee728b)
Start importing Assets/Scripts/Rewind/Rewind v1.0/RewindBehavior.cs using Guid(f0bf8bd34868759448bc84304af57540) Importer(815301076,1909f56bfc062723c751e8b465ee728b)  -> (artifact id: '9fd7f4cb3df6844b016bb030c232a17d') in 0.062294 seconds
  Import took 0.110525 seconds .

========================================================================
Received Import Request.
  Time since last request: 0.024947 seconds.
  path: Assets/Scripts/Rewind/Rewind v1.0/RewindBehavior.cs
  artifactKey: Guid(f0bf8bd34868759448bc84304af57540) Importer(815301076,1909f56bfc062723c751e8b465ee728b)
Start importing Assets/Scripts/Rewind/Rewind v1.0/RewindBehavior.cs using Guid(f0bf8bd34868759448bc84304af57540) Importer(815301076,1909f56bfc062723c751e8b465ee728b)  -> (artifact id: '9fd7f4cb3df6844b016bb030c232a17d') in 0.005719 seconds
  Import took 0.019374 seconds .

========================================================================
Received Prepare
Registering precompiled user dll's ...
Registered in 0.001065 seconds.
Begin MonoManager ReloadAssembly
Native extension for WindowsStandalone target not found
Native extension for WebGL target not found
Refreshing native plugins compatible for Editor in 0.64 ms, found 1 plugins.
Preloading 0 native plugins for Editor in 0.00 ms.
Mono: successfully reloaded assembly
- Completed reload, in  1.434 seconds
Platform modules already initialized, skipping
Refreshing native plugins compatible for Editor in 0.59 ms, found 1 plugins.
Preloading 0 native plugins for Editor in 0.00 ms.
Unloading 1857 Unused Serialized files (Serialized files now loaded: 0)
System memory in use before: 88.2 MB.
System memory in use after: 88.2 MB.

Unloading 12 unused Assets to reduce memory usage. Loaded Objects now: 2480.
Total: 4.698636 ms (FindLiveObjects: 0.404133 ms CreateObjectMapping: 0.116750 ms MarkObjects: 3.958367 ms  DeleteObjects: 0.217248 ms)

========================================================================
Received Prepare
Registering precompiled user dll's ...
Registered in 0.001467 seconds.
Begin MonoManager ReloadAssembly
Native extension for WindowsStandalone target not found
Native extension for WebGL target not found
Refreshing native plugins compatible for Editor in 0.60 ms, found 1 plugins.
Preloading 0 native plugins for Editor in 0.00 ms.
Mono: successfully reloaded assembly
- Completed reload, in  1.284 seconds
Platform modules already initialized, skipping
Refreshing native plugins compatible for Editor in 0.57 ms, found 1 plugins.
Preloading 0 native plugins for Editor in 0.00 ms.
Unloading 1857 Unused Serialized files (Serialized files now loaded: 0)
System memory in use before: 88.2 MB.
System memory in use after: 88.2 MB.

Unloading 12 unused Assets to reduce memory usage. Loaded Objects now: 2484.
Total: 4.462571 ms (FindLiveObjects: 0.760797 ms CreateObjectMapping: 0.175338 ms MarkObjects: 3.364783 ms  DeleteObjects: 0.159087 ms)

========================================================================
Received Import Request.
  Time since last request: 76.239119 seconds.
  path: Assets/Scripts/Rewind/Rewind v1.0/RewindBehavior.cs
  artifactKey: Guid(f0bf8bd34868759448bc84304af57540) Importer(815301076,1909f56bfc062723c751e8b465ee728b)
Start importing Assets/Scripts/Rewind/Rewind v1.0/RewindBehavior.cs using Guid(f0bf8bd34868759448bc84304af57540) Importer(815301076,1909f56bfc062723c751e8b465ee728b)  -> (artifact id: '5c6800d57e1aaab03cdfca3f40447f65') in 0.006242 seconds
  Import took 0.013060 seconds .

========================================================================
Received Import Request.
  Time since last request: 9.259437 seconds.
  path: Assets/Scripts/Rewind/Rewind v1.0/Timer.cs
  artifactKey: Guid(77b3ca2acff0089489c533a87863d67f) Importer(815301076,1909f56bfc062723c751e8b465ee728b)
Start importing Assets/Scripts/Rewind/Rewind v1.0/Timer.cs using Guid(77b3ca2acff0089489c533a87863d67f) Importer(815301076,1909f56bfc062723c751e8b465ee728b)  -> (artifact id: '7c658533542b51c03e0fd3d84dbe0613') in 0.018374 seconds
  Import took 0.034589 seconds .

========================================================================
Received Prepare
Registering precompiled user dll's ...
Registered in 0.001002 seconds.
Begin MonoManager ReloadAssembly
Native extension for WindowsStandalone target not found
Native extension for WebGL target not found
Refreshing native plugins compatible for Editor in 0.57 ms, found 1 plugins.
Preloading 0 native plugins for Editor in 0.00 ms.
Mono: successfully reloaded assembly
- Completed reload, in  1.288 seconds
Platform modules already initialized, skipping
Refreshing native plugins compatible for Editor in 0.57 ms, found 1 plugins.
Preloading 0 native plugins for Editor in 0.00 ms.
Unloading 1858 Unused Serialized files (Serialized files now loaded: 0)
System memory in use before: 88.2 MB.
System memory in use after: 88.2 MB.

Unloading 12 unused Assets to reduce memory usage. Loaded Objects now: 2489.
Total: 4.193577 ms (FindLiveObjects: 0.373770 ms CreateObjectMapping: 0.192017 ms MarkObjects: 3.480677 ms  DeleteObjects: 0.144975 ms)

========================================================================
Received Prepare
Registering precompiled user dll's ...
Registered in 0.001126 seconds.
Begin MonoManager ReloadAssembly
Native extension for WindowsStandalone target not found
Native extension for WebGL target not found
Refreshing native plugins compatible for Editor in 0.62 ms, found 1 plugins.
Preloading 0 native plugins for Editor in 0.00 ms.
Mono: successfully reloaded assembly
- Completed reload, in  1.200 seconds
Platform modules already initialized, skipping
Refreshing native plugins compatible for Editor in 1.35 ms, found 1 plugins.
Preloading 0 native plugins for Editor in 0.00 ms.
Unloading 1858 Unused Serialized files (Serialized files now loaded: 0)
System memory in use before: 88.3 MB.
System memory in use after: 88.2 MB.

Unloading 12 unused Assets to reduce memory usage. Loaded Objects now: 2493.
Total: 8.065985 ms (FindLiveObjects: 0.681253 ms CreateObjectMapping: 0.303207 ms MarkObjects: 6.647884 ms  DeleteObjects: 0.427227 ms)

========================================================================
Received Import Request.
  Time since last request: 124.909845 seconds.
  path: Assets/Scripts/Rewind/Rewind v1.0/Timer.cs
  artifactKey: Guid(77b3ca2acff0089489c533a87863d67f) Importer(815301076,1909f56bfc062723c751e8b465ee728b)
Start importing Assets/Scripts/Rewind/Rewind v1.0/Timer.cs using Guid(77b3ca2acff0089489c533a87863d67f) Importer(815301076,1909f56bfc062723c751e8b465ee728b)  -> (artifact id: '1d1662ac55f47e4dead23eea1ad110e8') in 0.017480 seconds
  Import took 0.029865 seconds .

========================================================================
Received Import Request.
  Time since last request: 7.487501 seconds.
  path: Assets/Scripts/Rewind/Rewind v1.0/RewindBehavior.cs
  artifactKey: Guid(f0bf8bd34868759448bc84304af57540) Importer(815301076,1909f56bfc062723c751e8b465ee728b)
Start importing Assets/Scripts/Rewind/Rewind v1.0/RewindBehavior.cs using Guid(f0bf8bd34868759448bc84304af57540) Importer(815301076,1909f56bfc062723c751e8b465ee728b)  -> (artifact id: '6b8301dbb233d6ce2d93ed9ccb9b09cf') in 0.003000 seconds
  Import took 0.021346 seconds .

========================================================================
Received Import Request.
  Time since last request: 0.001792 seconds.
  path: Assets/Scripts/Rewind/Rewind v1.0/RewindBehavior.cs
  artifactKey: Guid(f0bf8bd34868759448bc84304af57540) Importer(815301076,1909f56bfc062723c751e8b465ee728b)
Start importing Assets/Scripts/Rewind/Rewind v1.0/RewindBehavior.cs using Guid(f0bf8bd34868759448bc84304af57540) Importer(815301076,1909f56bfc062723c751e8b465ee728b)  -> (artifact id: '6b8301dbb233d6ce2d93ed9ccb9b09cf') in 0.002619 seconds
  Import took 0.008515 seconds .

========================================================================
Received Prepare
Registering precompiled user dll's ...
Registered in 0.001546 seconds.
Begin MonoManager ReloadAssembly
Native extension for WindowsStandalone target not found
Native extension for WebGL target not found
Refreshing native plugins compatible for Editor in 0.57 ms, found 1 plugins.
Preloading 0 native plugins for Editor in 0.00 ms.
Mono: successfully reloaded assembly
- Completed reload, in  1.352 seconds
Platform modules already initialized, skipping
Refreshing native plugins compatible for Editor in 0.66 ms, found 1 plugins.
Preloading 0 native plugins for Editor in 0.00 ms.
Unloading 1858 Unused Serialized files (Serialized files now loaded: 0)
System memory in use before: 88.3 MB.
System memory in use after: 88.2 MB.

Unloading 12 unused Assets to reduce memory usage. Loaded Objects now: 2497.
Total: 2.968348 ms (FindLiveObjects: 0.448182 ms CreateObjectMapping: 0.221525 ms MarkObjects: 2.152811 ms  DeleteObjects: 0.144119 ms)

========================================================================
Received Prepare
Registering precompiled user dll's ...
Registered in 0.001051 seconds.
Begin MonoManager ReloadAssembly
Native extension for WindowsStandalone target not found
Native extension for WebGL target not found
Refreshing native plugins compatible for Editor in 0.57 ms, found 1 plugins.
Preloading 0 native plugins for Editor in 0.00 ms.
Mono: successfully reloaded assembly
- Completed reload, in  1.058 seconds
Platform modules already initialized, skipping
Refreshing native plugins compatible for Editor in 0.97 ms, found 1 plugins.
Preloading 0 native plugins for Editor in 0.00 ms.
Unloading 1900 Unused Serialized files (Serialized files now loaded: 0)
System memory in use before: 89.9 MB.
System memory in use after: 89.9 MB.

Unloading 13 unused Assets to reduce memory usage. Loaded Objects now: 2542.
Total: 5.569768 ms (FindLiveObjects: 0.782179 ms CreateObjectMapping: 0.195866 ms MarkObjects: 4.302629 ms  DeleteObjects: 0.286528 ms)

========================================================================
Received Prepare
Registering precompiled user dll's ...
Registered in 13.287638 seconds.
Begin MonoManager ReloadAssembly
Native extension for WindowsStandalone target not found
Native extension for WebGL target not found
Refreshing native plugins compatible for Editor in 0.67 ms, found 1 plugins.
Preloading 0 native plugins for Editor in 0.00 ms.
Mono: successfully reloaded assembly
- Completed reload, in  2.782 seconds
Platform modules already initialized, skipping
Refreshing native plugins compatible for Editor in 1.77 ms, found 1 plugins.
Preloading 0 native plugins for Editor in 0.00 ms.
Unloading 1900 Unused Serialized files (Serialized files now loaded: 0)
System memory in use before: 89.9 MB.
System memory in use after: 89.9 MB.

Unloading 13 unused Assets to reduce memory usage. Loaded Objects now: 2546.
Total: 4.442044 ms (FindLiveObjects: 0.397291 ms CreateObjectMapping: 1.393725 ms MarkObjects: 2.466282 ms  DeleteObjects: 0.182608 ms)

========================================================================
Received Prepare
Registering precompiled user dll's ...
Registered in 0.000944 seconds.
Begin MonoManager ReloadAssembly
Native extension for WindowsStandalone target not found
Native extension for WebGL target not found
Refreshing native plugins compatible for Editor in 0.59 ms, found 1 plugins.
Preloading 0 native plugins for Editor in 0.00 ms.
Mono: successfully reloaded assembly
- Completed reload, in  1.233 seconds
Platform modules already initialized, skipping
Refreshing native plugins compatible for Editor in 0.74 ms, found 1 plugins.
Preloading 0 native plugins for Editor in 0.00 ms.
Unloading 1900 Unused Serialized files (Serialized files now loaded: 0)
System memory in use before: 89.9 MB.
System memory in use after: 89.9 MB.

Unloading 13 unused Assets to reduce memory usage. Loaded Objects now: 2550.
Total: 19.135386 ms (FindLiveObjects: 0.341268 ms CreateObjectMapping: 0.144119 ms MarkObjects: 4.074261 ms  DeleteObjects: 14.571888 ms)

========================================================================
Received Prepare
Registering precompiled user dll's ...
Registered in 0.000967 seconds.
Begin MonoManager ReloadAssembly
Native extension for WindowsStandalone target not found
Native extension for WebGL target not found
Refreshing native plugins compatible for Editor in 0.65 ms, found 1 plugins.
Preloading 0 native plugins for Editor in 0.00 ms.
Mono: successfully reloaded assembly
- Completed reload, in  1.637 seconds
Platform modules already initialized, skipping
Refreshing native plugins compatible for Editor in 0.85 ms, found 1 plugins.
Preloading 0 native plugins for Editor in 0.00 ms.
Unloading 1900 Unused Serialized files (Serialized files now loaded: 0)
System memory in use before: 89.9 MB.
System memory in use after: 89.9 MB.

Unloading 13 unused Assets to reduce memory usage. Loaded Objects now: 2554.
Total: 7.571617 ms (FindLiveObjects: 0.559372 ms CreateObjectMapping: 0.551246 ms MarkObjects: 6.179175 ms  DeleteObjects: 0.279258 ms)

========================================================================
Received Prepare
Registering precompiled user dll's ...
Registered in 0.001312 seconds.
Begin MonoManager ReloadAssembly
Native extension for WindowsStandalone target not found
Native extension for WebGL target not found
Refreshing native plugins compatible for Editor in 1.21 ms, found 1 plugins.
Preloading 0 native plugins for Editor in 0.00 ms.
Mono: successfully reloaded assembly
- Completed reload, in  1.646 seconds
Platform modules already initialized, skipping
Refreshing native plugins compatible for Editor in 0.55 ms, found 1 plugins.
Preloading 0 native plugins for Editor in 0.00 ms.
Unloading 1900 Unused Serialized files (Serialized files now loaded: 0)
System memory in use before: 90.0 MB.
System memory in use after: 89.9 MB.

Unloading 13 unused Assets to reduce memory usage. Loaded Objects now: 2558.
Total: 5.378607 ms (FindLiveObjects: 0.416963 ms CreateObjectMapping: 0.151390 ms MarkObjects: 4.487803 ms  DeleteObjects: 0.319885 ms)

========================================================================
Received Import Request.
  Time since last request: 3953.730479 seconds.
  path: Assets/Scenes/Game.unity
  artifactKey: Guid(5ad78d4dd8d54714a988d1fa52096d3f) Importer(815301076,1909f56bfc062723c751e8b465ee728b)
Start importing Assets/Scenes/Game.unity using Guid(5ad78d4dd8d54714a988d1fa52096d3f) Importer(815301076,1909f56bfc062723c751e8b465ee728b)  -> (artifact id: '7ea2feb1e5e64b86a5209a388b8aa1e9') in 0.167706 seconds
  Import took 0.280574 seconds .

========================================================================
Received Prepare
Registering precompiled user dll's ...
Registered in 0.001381 seconds.
Begin MonoManager ReloadAssembly
Native extension for WindowsStandalone target not found
Native extension for WebGL target not found
Refreshing native plugins compatible for Editor in 0.71 ms, found 1 plugins.
Preloading 0 native plugins for Editor in 0.00 ms.
Mono: successfully reloaded assembly
- Completed reload, in  1.268 seconds
Platform modules already initialized, skipping
Refreshing native plugins compatible for Editor in 0.62 ms, found 1 plugins.
Preloading 0 native plugins for Editor in 0.00 ms.
Unloading 1900 Unused Serialized files (Serialized files now loaded: 0)
System memory in use before: 90.0 MB.
System memory in use after: 89.9 MB.

Unloading 13 unused Assets to reduce memory usage. Loaded Objects now: 2562.
Total: 3.194149 ms (FindLiveObjects: 0.378046 ms CreateObjectMapping: 0.139843 ms MarkObjects: 2.499639 ms  DeleteObjects: 0.173628 ms)

