Using pre-set license
Built from '2020.3/release' branch; Version is '2020.3.7f1 (dd97f2c94397) revision 14522354'; Using compiler version '192528614'; Build Type 'Release'
OS: 'Windows 10 Enterprise 2016 LTSB; OS build 14393.0; Version 1607; 64bit' Language: 'ru' Physical Memory: 5914 MB
BatchMode: 1, IsHumanControllingUs: 0, StartBugReporterOnCrash: 0, Is64bit: 1, IsPro: 0

 COMMAND LINE ARGUMENTS:
D:\Unity\2020.3.7f1\Editor\Unity.exe
-adb2
-batchMode
-noUpm
-name
AssetImportWorker13
-projectPath
D:/Git/Bandit_Git
-logFile
Logs/AssetImportWorker13.log
-srvPort
52104
Successfully changed project path to: D:/Git/Bandit_Git
D:/Git/Bandit_Git
Using Asset Import Pipeline V2.
Refreshing native plugins compatible for Editor in 70.47 ms, found 1 plugins.
Preloading 0 native plugins for Editor in 0.00 ms.
Initialize engine version: 2020.3.7f1 (dd97f2c94397)
[Subsystems] Discovering subsystems at path D:/Unity/2020.3.7f1/Editor/Data/Resources/UnitySubsystems
[Subsystems] Discovering subsystems at path D:/Git/Bandit_Git/Assets
GfxDevice: creating device client; threaded=0
Direct3D:
    Version:  Direct3D 11.0 [level 11.0]
    Renderer: NVIDIA GeForce GT 740M (ID=0x1292)
    Vendor:   
    VRAM:     2009 MB
    Driver:   25.21.14.2531
Initialize mono
Mono path[0] = 'D:/Unity/2020.3.7f1/Editor/Data/Managed'
Mono path[1] = 'D:/Unity/2020.3.7f1/Editor/Data/MonoBleedingEdge/lib/mono/unityjit'
Mono config path = 'D:/Unity/2020.3.7f1/Editor/Data/MonoBleedingEdge/etc'
Using monoOptions --debugger-agent=transport=dt_socket,embedding=1,server=y,suspend=n,address=127.0.0.1:56152
Begin MonoManager ReloadAssembly
Registering precompiled unity dll's ...
Register platform support module: D:/Unity/2020.3.7f1/Editor/Data/PlaybackEngines/WebGLSupport/UnityEditor.WebGL.Extensions.dll
Register platform support module: D:/Unity/2020.3.7f1/Editor/Data/PlaybackEngines/WindowsStandaloneSupport/UnityEditor.WindowsStandalone.Extensions.dll
Registered in 0.005294 seconds.
Native extension for WindowsStandalone target not found
Native extension for WebGL target not found
Refreshing native plugins compatible for Editor in 205.93 ms, found 1 plugins.
Preloading 0 native plugins for Editor in 0.00 ms.
Mono: successfully reloaded assembly
- Completed reload, in  4.763 seconds
Platform modules already initialized, skipping
Registering precompiled user dll's ...
Registered in 0.000938 seconds.
Begin MonoManager ReloadAssembly
Native extension for WindowsStandalone target not found
Native extension for WebGL target not found
Refreshing native plugins compatible for Editor in 192.89 ms, found 1 plugins.
Preloading 0 native plugins for Editor in 0.00 ms.
Mono: successfully reloaded assembly
- Completed reload, in  7.411 seconds
Platform modules already initialized, skipping
========================================================================
Worker process is ready to serve import requests
Launched and connected shader compiler UnityShaderCompiler.exe after 0.68 seconds
Refreshing native plugins compatible for Editor in 1.75 ms, found 1 plugins.
Preloading 0 native plugins for Editor in 0.00 ms.
Unloading 1875 Unused Serialized files (Serialized files now loaded: 0)
System memory in use before: 88.8 MB.
System memory in use after: 88.8 MB.

Unloading 24 unused Assets to reduce memory usage. Loaded Objects now: 2319.
Total: 8.398276 ms (FindLiveObjects: 0.597433 ms CreateObjectMapping: 0.320313 ms MarkObjects: 6.936126 ms  DeleteObjects: 0.538417 ms)

========================================================================
Received Import Request.
  path: Assets/Prefabs/Models/Player.prefab
  artifactKey: Guid(8d9b26dcded00e2418a826f53276a861) Importer(815301076,1909f56bfc062723c751e8b465ee728b)
Start importing Assets/Prefabs/Models/Player.prefab using Guid(8d9b26dcded00e2418a826f53276a861) Importer(815301076,1909f56bfc062723c751e8b465ee728b) Asset 'Ronin': Transition 'AnyState -> Hurt Block' in state 'AnyState' doesn't have an Exit Time or any condition, transition will be ignored
UnityEngine.StackTraceUtility:ExtractStackTrace ()
UnityEditor.EditorUtility:Internal_InstantiateRemoveAllNonAnimationComponentsSingle (UnityEngine.Object,UnityEngine.Vector3,UnityEngine.Quaternion)
UnityEditor.EditorUtility:InstantiateRemoveAllNonAnimationComponents (UnityEngine.Object,UnityEngine.Vector3,UnityEngine.Quaternion)
UnityEditor.EditorUtility:InstantiateForAnimatorPreview (UnityEngine.Object)
UnityEditor.GameObjectInspector/PreviewData:UpdateGameObject (UnityEngine.Object)
UnityEditor.GameObjectInspector/PreviewData:.ctor (UnityEngine.Object)
UnityEditor.GameObjectInspector:GetPreviewData ()
UnityEditor.GameObjectInspector:RenderStaticPreview (string,UnityEngine.Object[],int,int)
UnityEditor.AssetPreviewUpdater:CreatePreviewForAsset (UnityEngine.Object,UnityEngine.Object[],string)

[C:\buildslave\unity\build\Editor/Src/Animation/StateMachine.cpp line 1847]

 -> (artifact id: 'e9bd06750563c87b47485f4812180ca8') in 1.312283 seconds
  Import took 1.348830 seconds .

========================================================================
Received Import Request.
  Time since last request: 3.917331 seconds.
  path: Assets/Sprites/PNG
  artifactKey: Guid(203ceabfeddeb7d48b3c2ea7add8c72e) Importer(815301076,1909f56bfc062723c751e8b465ee728b)
Start importing Assets/Sprites/PNG using Guid(203ceabfeddeb7d48b3c2ea7add8c72e) Importer(815301076,1909f56bfc062723c751e8b465ee728b)  -> (artifact id: 'fb998440dff759826769a15843acec2c') in 0.037817 seconds
  Import took 0.045330 seconds .

========================================================================
Received Import Request.
  Time since last request: 31.933398 seconds.
  path: Assets/TextMesh Pro/Resources
  artifactKey: Guid(243e06394e614e5d99fab26083b707fa) Importer(815301076,1909f56bfc062723c751e8b465ee728b)
Start importing Assets/TextMesh Pro/Resources using Guid(243e06394e614e5d99fab26083b707fa) Importer(815301076,1909f56bfc062723c751e8b465ee728b)  -> (artifact id: '832c7a16428a5a885b734c5f1251808a') in 0.036611 seconds
  Import took 0.079131 seconds .

========================================================================
Received Import Request.
  Time since last request: 2.410641 seconds.
  path: Assets/TextMesh Pro/Shaders
  artifactKey: Guid(e9f693669af91aa45ad615fc681ed29f) Importer(815301076,1909f56bfc062723c751e8b465ee728b)
Start importing Assets/TextMesh Pro/Shaders using Guid(e9f693669af91aa45ad615fc681ed29f) Importer(815301076,1909f56bfc062723c751e8b465ee728b)  -> (artifact id: 'a8970b9ccd14cacfd78e8d7b035f493f') in 0.042123 seconds
  Import took 0.069018 seconds .

========================================================================
Received Import Request.
  Time since last request: 0.337358 seconds.
  path: Assets/TextMesh Pro/Sprites
  artifactKey: Guid(d0603b6d5186471b96c778c3949c7ce2) Importer(815301076,1909f56bfc062723c751e8b465ee728b)
Start importing Assets/TextMesh Pro/Sprites using Guid(d0603b6d5186471b96c778c3949c7ce2) Importer(815301076,1909f56bfc062723c751e8b465ee728b)  -> (artifact id: 'a06fb07cbf94177ab7a4e8fc130022be') in 0.033930 seconds
  Import took 0.068022 seconds .

========================================================================
Received Import Request.
  Time since last request: 48.044762 seconds.
  path: Assets/Scripts/Enemy/EnemyPatroling.cs
  artifactKey: Guid(911b12a79ab416f4cb7f1bd02f0221e3) Importer(815301076,1909f56bfc062723c751e8b465ee728b)
Start importing Assets/Scripts/Enemy/EnemyPatroling.cs using Guid(911b12a79ab416f4cb7f1bd02f0221e3) Importer(815301076,1909f56bfc062723c751e8b465ee728b)  -> (artifact id: 'f779df23c5b0be6cb73cf291c177f7a1') in 0.120838 seconds
  Import took 0.215557 seconds .

========================================================================
Received Import Request.
  Time since last request: 0.049447 seconds.
  path: Assets/Scripts/Enemy/EnemyPatroling.cs
  artifactKey: Guid(911b12a79ab416f4cb7f1bd02f0221e3) Importer(815301076,1909f56bfc062723c751e8b465ee728b)
Start importing Assets/Scripts/Enemy/EnemyPatroling.cs using Guid(911b12a79ab416f4cb7f1bd02f0221e3) Importer(815301076,1909f56bfc062723c751e8b465ee728b)  -> (artifact id: 'f779df23c5b0be6cb73cf291c177f7a1') in 0.008510 seconds
  Import took 0.194984 seconds .

========================================================================
Received Prepare
Registering precompiled user dll's ...
Registered in 0.001835 seconds.
Begin MonoManager ReloadAssembly
Native extension for WindowsStandalone target not found
Native extension for WebGL target not found
Refreshing native plugins compatible for Editor in 0.64 ms, found 1 plugins.
Preloading 0 native plugins for Editor in 0.00 ms.
Mono: successfully reloaded assembly
- Completed reload, in  2.860 seconds
Platform modules already initialized, skipping
Refreshing native plugins compatible for Editor in 1.71 ms, found 1 plugins.
Preloading 0 native plugins for Editor in 0.00 ms.
Unloading 1856 Unused Serialized files (Serialized files now loaded: 0)
System memory in use before: 90.7 MB.
System memory in use after: 90.7 MB.

Unloading 13 unused Assets to reduce memory usage. Loaded Objects now: 2329.
Total: 15.349370 ms (FindLiveObjects: 0.648324 ms CreateObjectMapping: 1.971487 ms MarkObjects: 12.148377 ms  DeleteObjects: 0.575195 ms)

