Using pre-set license
Built from '2020.3/release' branch; Version is '2020.3.7f1 (dd97f2c94397) revision 14522354'; Using compiler version '192528614'; Build Type 'Release'
OS: 'Windows 10 Enterprise 2016 LTSB; OS build 14393.0; Version 1607; 64bit' Language: 'ru' Physical Memory: 5914 MB
BatchMode: 1, IsHumanControllingUs: 0, StartBugReporterOnCrash: 0, Is64bit: 1, IsPro: 0

 COMMAND LINE ARGUMENTS:
D:\Unity\2020.3.7f1\Editor\Unity.exe
-adb2
-batchMode
-noUpm
-name
AssetImportWorker2
-projectPath
D:/Git/Bandit_Git
-logFile
Logs/AssetImportWorker2.log
-srvPort
52104
Successfully changed project path to: D:/Git/Bandit_Git
D:/Git/Bandit_Git
Using Asset Import Pipeline V2.
Refreshing native plugins compatible for Editor in 59.54 ms, found 1 plugins.
Preloading 0 native plugins for Editor in 0.00 ms.
Initialize engine version: 2020.3.7f1 (dd97f2c94397)
[Subsystems] Discovering subsystems at path D:/Unity/2020.3.7f1/Editor/Data/Resources/UnitySubsystems
[Subsystems] Discovering subsystems at path D:/Git/Bandit_Git/Assets
GfxDevice: creating device client; threaded=0
Direct3D:
    Version:  Direct3D 11.0 [level 11.0]
    Renderer: NVIDIA GeForce GT 740M (ID=0x1292)
    Vendor:   
    VRAM:     2009 MB
    Driver:   25.21.14.2531
Initialize mono
Mono path[0] = 'D:/Unity/2020.3.7f1/Editor/Data/Managed'
Mono path[1] = 'D:/Unity/2020.3.7f1/Editor/Data/MonoBleedingEdge/lib/mono/unityjit'
Mono config path = 'D:/Unity/2020.3.7f1/Editor/Data/MonoBleedingEdge/etc'
Using monoOptions --debugger-agent=transport=dt_socket,embedding=1,server=y,suspend=n,address=127.0.0.1:56056
Begin MonoManager ReloadAssembly
Registering precompiled unity dll's ...
Register platform support module: D:/Unity/2020.3.7f1/Editor/Data/PlaybackEngines/WebGLSupport/UnityEditor.WebGL.Extensions.dll
Register platform support module: D:/Unity/2020.3.7f1/Editor/Data/PlaybackEngines/WindowsStandaloneSupport/UnityEditor.WindowsStandalone.Extensions.dll
Registered in 0.001285 seconds.
Native extension for WindowsStandalone target not found
Native extension for WebGL target not found
Refreshing native plugins compatible for Editor in 45.42 ms, found 1 plugins.
Preloading 0 native plugins for Editor in 0.00 ms.
Mono: successfully reloaded assembly
- Completed reload, in  1.333 seconds
Platform modules already initialized, skipping
Registering precompiled user dll's ...
Registered in 0.000878 seconds.
Begin MonoManager ReloadAssembly
Native extension for WindowsStandalone target not found
Native extension for WebGL target not found
Refreshing native plugins compatible for Editor in 43.25 ms, found 1 plugins.
Preloading 0 native plugins for Editor in 0.00 ms.
Mono: successfully reloaded assembly
- Completed reload, in  5.138 seconds
Platform modules already initialized, skipping
========================================================================
Worker process is ready to serve import requests
Launched and connected shader compiler UnityShaderCompiler.exe after 0.24 seconds
Refreshing native plugins compatible for Editor in 0.43 ms, found 1 plugins.
Preloading 0 native plugins for Editor in 0.00 ms.
Unloading 1823 Unused Serialized files (Serialized files now loaded: 0)
System memory in use before: 85.3 MB.
System memory in use after: 85.2 MB.

Unloading 24 unused Assets to reduce memory usage. Loaded Objects now: 2266.
Total: 2.727152 ms (FindLiveObjects: 0.276692 ms CreateObjectMapping: 0.188596 ms MarkObjects: 2.102776 ms  DeleteObjects: 0.157377 ms)

========================================================================
Received Import Request.
  path: Assets/Scenes/Scene_0.unity
  artifactKey: Guid(2cda990e2423bbf4892e6590ba056729) Importer(815301076,1909f56bfc062723c751e8b465ee728b)
Start importing Assets/Scenes/Scene_0.unity using Guid(2cda990e2423bbf4892e6590ba056729) Importer(815301076,1909f56bfc062723c751e8b465ee728b)  -> (artifact id: '28e1fbf1644bd5170d45089e79cfbd16') in 0.019301 seconds
  Import took 0.035887 seconds .

========================================================================
Received Import Request.
  Time since last request: 16.215009 seconds.
  path: Assets/Scenes/Game.unity
  artifactKey: Guid(5ad78d4dd8d54714a988d1fa52096d3f) Importer(815301076,1909f56bfc062723c751e8b465ee728b)
Start importing Assets/Scenes/Game.unity using Guid(5ad78d4dd8d54714a988d1fa52096d3f) Importer(815301076,1909f56bfc062723c751e8b465ee728b)  -> (artifact id: 'd6d76a243baf628eb8526dd896ef6b7a') in 0.012462 seconds
  Import took 0.017378 seconds .

========================================================================
Received Import Request.
  Time since last request: 24.139386 seconds.
  path: Assets/Scenes/Game.unity
  artifactKey: Guid(5ad78d4dd8d54714a988d1fa52096d3f) Importer(815301076,1909f56bfc062723c751e8b465ee728b)
Start importing Assets/Scenes/Game.unity using Guid(5ad78d4dd8d54714a988d1fa52096d3f) Importer(815301076,1909f56bfc062723c751e8b465ee728b)  -> (artifact id: '35f22133757a4ba984b779f3fe11494d') in 0.005654 seconds
  Import took 0.061588 seconds .

========================================================================
Received Prepare
Registering precompiled user dll's ...
Registered in 0.000975 seconds.
Begin MonoManager ReloadAssembly
Native extension for WindowsStandalone target not found
Native extension for WebGL target not found
Refreshing native plugins compatible for Editor in 0.49 ms, found 1 plugins.
Preloading 0 native plugins for Editor in 0.00 ms.
Mono: successfully reloaded assembly
- Completed reload, in  1.154 seconds
Platform modules already initialized, skipping
Refreshing native plugins compatible for Editor in 0.61 ms, found 1 plugins.
Preloading 0 native plugins for Editor in 0.00 ms.
Unloading 1818 Unused Serialized files (Serialized files now loaded: 0)
System memory in use before: 85.3 MB.
System memory in use after: 85.2 MB.

Unloading 12 unused Assets to reduce memory usage. Loaded Objects now: 2270.
Total: 2.988449 ms (FindLiveObjects: 0.312615 ms CreateObjectMapping: 0.192872 ms MarkObjects: 2.344401 ms  DeleteObjects: 0.137277 ms)

========================================================================
Received Import Request.
  Time since last request: 47.496657 seconds.
  path: Assets/Scenes/MainMenu.unity
  artifactKey: Guid(c9ac3a523fe1b19428000a32dd91221e) Importer(815301076,1909f56bfc062723c751e8b465ee728b)
Start importing Assets/Scenes/MainMenu.unity using Guid(c9ac3a523fe1b19428000a32dd91221e) Importer(815301076,1909f56bfc062723c751e8b465ee728b)  -> (artifact id: 'b6d0f470e7f4d36fd3b571748864d033') in 0.072860 seconds
  Import took 0.079477 seconds .

========================================================================
Received Import Request.
  Time since last request: 713.877742 seconds.
  path: Assets/BackGround_MainMenu.jpg
  artifactKey: Guid(c309419607206e64285dd305b130aa59) Importer(815301076,1909f56bfc062723c751e8b465ee728b)
Start importing Assets/BackGround_MainMenu.jpg using Guid(c309419607206e64285dd305b130aa59) Importer(815301076,1909f56bfc062723c751e8b465ee728b)  -> (artifact id: '651ccbbba77fc05be092d087501baaeb') in 1.065486 seconds
  Import took 1.082348 seconds .

========================================================================
Received Import Request.
  Time since last request: 36.349248 seconds.
  path: Assets/BackGround_MainMenu.jpg
  artifactKey: Guid(c309419607206e64285dd305b130aa59) Importer(815301076,1909f56bfc062723c751e8b465ee728b)
Start importing Assets/BackGround_MainMenu.jpg using Guid(c309419607206e64285dd305b130aa59) Importer(815301076,1909f56bfc062723c751e8b465ee728b)  -> (artifact id: 'f977b152e773b6190d7adb7773e603c6') in 0.125652 seconds
  Import took 0.140360 seconds .

========================================================================
Received Import Request.
  Time since last request: 0.002644 seconds.
  path: Assets/BackGround_MainMenu.jpg
  artifactKey: Guid(c309419607206e64285dd305b130aa59) Importer(815301076,1909f56bfc062723c751e8b465ee728b)
Start importing Assets/BackGround_MainMenu.jpg using Guid(c309419607206e64285dd305b130aa59) Importer(815301076,1909f56bfc062723c751e8b465ee728b)  -> (artifact id: 'f977b152e773b6190d7adb7773e603c6') in 0.101888 seconds
  Import took 0.119823 seconds .

========================================================================
Received Import Request.
  Time since last request: 3473.757261 seconds.
  path: Assets/TextMesh Pro
  artifactKey: Guid(f54d1bd14bd3ca042bd867b519fee8cc) Importer(815301076,1909f56bfc062723c751e8b465ee728b)
Start importing Assets/TextMesh Pro using Guid(f54d1bd14bd3ca042bd867b519fee8cc) Importer(815301076,1909f56bfc062723c751e8b465ee728b)  -> (artifact id: '6121cc340ed628e9d5ab341dee30f1db') in 0.011728 seconds
  Import took 0.018909 seconds .

========================================================================
Received Import Request.
  Time since last request: 4.370283 seconds.
  path: Assets/TextMesh Pro/Fonts/LiberationSans.ttf
  artifactKey: Guid(e3265ab4bf004d28a9537516768c1c75) Importer(815301076,1909f56bfc062723c751e8b465ee728b)
Start importing Assets/TextMesh Pro/Fonts/LiberationSans.ttf using Guid(e3265ab4bf004d28a9537516768c1c75) Importer(815301076,1909f56bfc062723c751e8b465ee728b)  -> (artifact id: 'ab35a0b9c4089d802057674fa4aa1330') in 0.311577 seconds
  Import took 0.318505 seconds .

========================================================================
Received Prepare
Registering precompiled user dll's ...
Registered in 0.092959 seconds.
Begin MonoManager ReloadAssembly
Native extension for WindowsStandalone target not found
Native extension for WebGL target not found
Refreshing native plugins compatible for Editor in 0.49 ms, found 1 plugins.
Preloading 0 native plugins for Editor in 0.00 ms.
Mono: successfully reloaded assembly
- Completed reload, in  1.166 seconds
Platform modules already initialized, skipping
Refreshing native plugins compatible for Editor in 1.21 ms, found 1 plugins.
Preloading 0 native plugins for Editor in 0.00 ms.
Unloading 1865 Unused Serialized files (Serialized files now loaded: 0)
System memory in use before: 91.6 MB.
System memory in use after: 91.0 MB.

Unloading 25 unused Assets to reduce memory usage. Loaded Objects now: 2355.
Total: 4.604127 ms (FindLiveObjects: 0.399857 ms CreateObjectMapping: 0.119316 ms MarkObjects: 2.612968 ms  DeleteObjects: 1.468565 ms)

========================================================================
Received Import Request.
  Time since last request: 651.155855 seconds.
  path: Assets/New TMP Color Gradient.asset
  artifactKey: Guid(eb2a8f50264fb544f85ddbdc9afbcec1) Importer(815301076,1909f56bfc062723c751e8b465ee728b)
Start importing Assets/New TMP Color Gradient.asset using Guid(eb2a8f50264fb544f85ddbdc9afbcec1) Importer(815301076,1909f56bfc062723c751e8b465ee728b)  -> (artifact id: 'aaac20d049eafa0880cad3417018ae12') in 0.044736 seconds
  Import took 0.051195 seconds .

========================================================================
Received Import Request.
  Time since last request: 22.975044 seconds.
  path: Assets/Gold_Gradient_TMP.asset
  artifactKey: Guid(eb2a8f50264fb544f85ddbdc9afbcec1) Importer(815301076,1909f56bfc062723c751e8b465ee728b)
Start importing Assets/Gold_Gradient_TMP.asset using Guid(eb2a8f50264fb544f85ddbdc9afbcec1) Importer(815301076,1909f56bfc062723c751e8b465ee728b)  -> (artifact id: '91a0fbf8519a85093d44c09c82decee4') in 0.012961 seconds
  Import took 0.045475 seconds .

========================================================================
Received Import Request.
  Time since last request: 90.930767 seconds.
  path: Assets/Gold_Gradient_TMP.asset
  artifactKey: Guid(eb2a8f50264fb544f85ddbdc9afbcec1) Importer(815301076,1909f56bfc062723c751e8b465ee728b)
Start importing Assets/Gold_Gradient_TMP.asset using Guid(eb2a8f50264fb544f85ddbdc9afbcec1) Importer(815301076,1909f56bfc062723c751e8b465ee728b)  -> (artifact id: 'b493becb21e07c4828a25c69855ee664') in 0.006024 seconds
  Import took 0.012083 seconds .

========================================================================
Received Import Request.
  Time since last request: 0.001241 seconds.
  path: Assets/Gold_Gradient_TMP.asset
  artifactKey: Guid(eb2a8f50264fb544f85ddbdc9afbcec1) Importer(815301076,1909f56bfc062723c751e8b465ee728b)
Start importing Assets/Gold_Gradient_TMP.asset using Guid(eb2a8f50264fb544f85ddbdc9afbcec1) Importer(815301076,1909f56bfc062723c751e8b465ee728b)  -> (artifact id: 'b493becb21e07c4828a25c69855ee664') in 0.003294 seconds
  Import took 0.008537 seconds .

========================================================================
Received Prepare
Registering precompiled user dll's ...
Registered in 0.001106 seconds.
Begin MonoManager ReloadAssembly
Native extension for WindowsStandalone target not found
Native extension for WebGL target not found
Refreshing native plugins compatible for Editor in 0.46 ms, found 1 plugins.
Preloading 0 native plugins for Editor in 0.00 ms.
Mono: successfully reloaded assembly
- Completed reload, in  1.044 seconds
Platform modules already initialized, skipping
Refreshing native plugins compatible for Editor in 0.49 ms, found 1 plugins.
Preloading 0 native plugins for Editor in 0.00 ms.
Unloading 1865 Unused Serialized files (Serialized files now loaded: 0)
System memory in use before: 91.7 MB.
System memory in use after: 91.0 MB.

Unloading 25 unused Assets to reduce memory usage. Loaded Objects now: 2359.
Total: 5.426506 ms (FindLiveObjects: 0.316464 ms CreateObjectMapping: 0.107769 ms MarkObjects: 4.104626 ms  DeleteObjects: 0.895081 ms)

========================================================================
Received Prepare
Registering precompiled user dll's ...
Registered in 0.000983 seconds.
Begin MonoManager ReloadAssembly
Native extension for WindowsStandalone target not found
Native extension for WebGL target not found
Refreshing native plugins compatible for Editor in 0.47 ms, found 1 plugins.
Preloading 0 native plugins for Editor in 0.00 ms.
Mono: successfully reloaded assembly
- Completed reload, in  1.060 seconds
Platform modules already initialized, skipping
Refreshing native plugins compatible for Editor in 0.48 ms, found 1 plugins.
Preloading 0 native plugins for Editor in 0.00 ms.
Unloading 1865 Unused Serialized files (Serialized files now loaded: 0)
System memory in use before: 91.7 MB.
System memory in use after: 91.0 MB.

Unloading 25 unused Assets to reduce memory usage. Loaded Objects now: 2363.
Total: 3.552952 ms (FindLiveObjects: 0.366072 ms CreateObjectMapping: 0.224091 ms MarkObjects: 2.479968 ms  DeleteObjects: 0.481539 ms)

========================================================================
Received Prepare
Registering precompiled user dll's ...
Registered in 0.000900 seconds.
Begin MonoManager ReloadAssembly
Native extension for WindowsStandalone target not found
Native extension for WebGL target not found
Refreshing native plugins compatible for Editor in 0.54 ms, found 1 plugins.
Preloading 0 native plugins for Editor in 0.00 ms.
Mono: successfully reloaded assembly
- Completed reload, in  1.246 seconds
Platform modules already initialized, skipping
Refreshing native plugins compatible for Editor in 0.56 ms, found 1 plugins.
Preloading 0 native plugins for Editor in 0.00 ms.
Unloading 1865 Unused Serialized files (Serialized files now loaded: 0)
System memory in use before: 91.7 MB.
System memory in use after: 91.0 MB.

Unloading 25 unused Assets to reduce memory usage. Loaded Objects now: 2367.
Total: 3.268562 ms (FindLiveObjects: 0.390021 ms CreateObjectMapping: 0.117177 ms MarkObjects: 2.240481 ms  DeleteObjects: 0.519600 ms)

========================================================================
Received Prepare
Registering precompiled user dll's ...
Registered in 0.000899 seconds.
Begin MonoManager ReloadAssembly
Native extension for WindowsStandalone target not found
Native extension for WebGL target not found
Refreshing native plugins compatible for Editor in 0.98 ms, found 1 plugins.
Preloading 0 native plugins for Editor in 0.00 ms.
Mono: successfully reloaded assembly
- Completed reload, in  2.275 seconds
Platform modules already initialized, skipping
Refreshing native plugins compatible for Editor in 0.52 ms, found 1 plugins.
Preloading 0 native plugins for Editor in 0.00 ms.
Unloading 1865 Unused Serialized files (Serialized files now loaded: 0)
System memory in use before: 91.7 MB.
System memory in use after: 91.0 MB.

Unloading 25 unused Assets to reduce memory usage. Loaded Objects now: 2371.
Total: 10.518159 ms (FindLiveObjects: 0.333998 ms CreateObjectMapping: 0.205274 ms MarkObjects: 9.344248 ms  DeleteObjects: 0.632928 ms)

========================================================================
Received Prepare
Registering precompiled user dll's ...
Registered in 0.000953 seconds.
Begin MonoManager ReloadAssembly
Native extension for WindowsStandalone target not found
Native extension for WebGL target not found
Refreshing native plugins compatible for Editor in 0.49 ms, found 1 plugins.
Preloading 0 native plugins for Editor in 0.00 ms.
Mono: successfully reloaded assembly
- Completed reload, in  1.276 seconds
Platform modules already initialized, skipping
Refreshing native plugins compatible for Editor in 0.70 ms, found 1 plugins.
Preloading 0 native plugins for Editor in 0.00 ms.
Unloading 1865 Unused Serialized files (Serialized files now loaded: 0)
System memory in use before: 91.7 MB.
System memory in use after: 91.0 MB.

Unloading 25 unused Assets to reduce memory usage. Loaded Objects now: 2375.
Total: 3.688946 ms (FindLiveObjects: 0.341696 ms CreateObjectMapping: 0.098788 ms MarkObjects: 2.479540 ms  DeleteObjects: 0.767212 ms)

========================================================================
Received Prepare
Registering precompiled user dll's ...
Registered in 0.000876 seconds.
Begin MonoManager ReloadAssembly
Native extension for WindowsStandalone target not found
Native extension for WebGL target not found
Refreshing native plugins compatible for Editor in 0.84 ms, found 1 plugins.
Preloading 0 native plugins for Editor in 0.00 ms.
Mono: successfully reloaded assembly
- Completed reload, in  1.363 seconds
Platform modules already initialized, skipping
Refreshing native plugins compatible for Editor in 0.83 ms, found 1 plugins.
Preloading 0 native plugins for Editor in 0.00 ms.
Unloading 1865 Unused Serialized files (Serialized files now loaded: 0)
System memory in use before: 91.7 MB.
System memory in use after: 91.0 MB.

Unloading 25 unused Assets to reduce memory usage. Loaded Objects now: 2379.
Total: 3.341263 ms (FindLiveObjects: 0.283535 ms CreateObjectMapping: 0.137705 ms MarkObjects: 2.439768 ms  DeleteObjects: 0.478973 ms)

========================================================================
Received Prepare
Registering precompiled user dll's ...
Registered in 0.001428 seconds.
Begin MonoManager ReloadAssembly
Native extension for WindowsStandalone target not found
Native extension for WebGL target not found
Refreshing native plugins compatible for Editor in 0.62 ms, found 1 plugins.
Preloading 0 native plugins for Editor in 0.00 ms.
Mono: successfully reloaded assembly
- Completed reload, in  1.626 seconds
Platform modules already initialized, skipping
Refreshing native plugins compatible for Editor in 0.80 ms, found 1 plugins.
Preloading 0 native plugins for Editor in 0.00 ms.
Unloading 1865 Unused Serialized files (Serialized files now loaded: 0)
System memory in use before: 91.7 MB.
System memory in use after: 91.1 MB.

Unloading 25 unused Assets to reduce memory usage. Loaded Objects now: 2383.
Total: 3.354521 ms (FindLiveObjects: 0.369066 ms CreateObjectMapping: 0.115467 ms MarkObjects: 2.280253 ms  DeleteObjects: 0.588452 ms)

========================================================================
Received Prepare
Registering precompiled user dll's ...
Registered in 0.001333 seconds.
Begin MonoManager ReloadAssembly
Native extension for WindowsStandalone target not found
Native extension for WebGL target not found
Refreshing native plugins compatible for Editor in 0.49 ms, found 1 plugins.
Preloading 0 native plugins for Editor in 0.00 ms.
Mono: successfully reloaded assembly
- Completed reload, in  1.058 seconds
Platform modules already initialized, skipping
Refreshing native plugins compatible for Editor in 0.51 ms, found 1 plugins.
Preloading 0 native plugins for Editor in 0.00 ms.
Unloading 1865 Unused Serialized files (Serialized files now loaded: 0)
System memory in use before: 91.7 MB.
System memory in use after: 91.1 MB.

Unloading 25 unused Assets to reduce memory usage. Loaded Objects now: 2387.
Total: 3.641049 ms (FindLiveObjects: 0.347255 ms CreateObjectMapping: 0.143692 ms MarkObjects: 2.645470 ms  DeleteObjects: 0.503349 ms)

========================================================================
Received Prepare
Registering precompiled user dll's ...
Registered in 0.000884 seconds.
Begin MonoManager ReloadAssembly
Native extension for WindowsStandalone target not found
Native extension for WebGL target not found
Refreshing native plugins compatible for Editor in 0.54 ms, found 1 plugins.
Preloading 0 native plugins for Editor in 0.00 ms.
Mono: successfully reloaded assembly
- Completed reload, in  1.087 seconds
Platform modules already initialized, skipping
Refreshing native plugins compatible for Editor in 0.48 ms, found 1 plugins.
Preloading 0 native plugins for Editor in 0.00 ms.
Unloading 1865 Unused Serialized files (Serialized files now loaded: 0)
System memory in use before: 91.8 MB.
System memory in use after: 91.1 MB.

Unloading 25 unused Assets to reduce memory usage. Loaded Objects now: 2391.
Total: 3.118028 ms (FindLiveObjects: 0.253599 ms CreateObjectMapping: 0.106914 ms MarkObjects: 2.231928 ms  DeleteObjects: 0.523877 ms)

========================================================================
Received Prepare
Registering precompiled user dll's ...
Registered in 0.000916 seconds.
Begin MonoManager ReloadAssembly
Native extension for WindowsStandalone target not found
Native extension for WebGL target not found
Refreshing native plugins compatible for Editor in 0.48 ms, found 1 plugins.
Preloading 0 native plugins for Editor in 0.00 ms.
Mono: successfully reloaded assembly
- Completed reload, in  1.095 seconds
Platform modules already initialized, skipping
Refreshing native plugins compatible for Editor in 0.48 ms, found 1 plugins.
Preloading 0 native plugins for Editor in 0.00 ms.
Unloading 1865 Unused Serialized files (Serialized files now loaded: 0)
System memory in use before: 91.8 MB.
System memory in use after: 91.1 MB.

Unloading 25 unused Assets to reduce memory usage. Loaded Objects now: 2395.
Total: 3.599139 ms (FindLiveObjects: 0.347683 ms CreateObjectMapping: 0.135139 ms MarkObjects: 2.629219 ms  DeleteObjects: 0.485388 ms)

========================================================================
Received Prepare
Registering precompiled user dll's ...
Registered in 0.001043 seconds.
Begin MonoManager ReloadAssembly
Native extension for WindowsStandalone target not found
Native extension for WebGL target not found
Refreshing native plugins compatible for Editor in 0.46 ms, found 1 plugins.
Preloading 0 native plugins for Editor in 0.00 ms.
Mono: successfully reloaded assembly
- Completed reload, in  1.075 seconds
Platform modules already initialized, skipping
Refreshing native plugins compatible for Editor in 0.51 ms, found 1 plugins.
Preloading 0 native plugins for Editor in 0.00 ms.
Unloading 1865 Unused Serialized files (Serialized files now loaded: 0)
System memory in use before: 91.8 MB.
System memory in use after: 91.1 MB.

Unloading 25 unused Assets to reduce memory usage. Loaded Objects now: 2399.
Total: 3.116745 ms (FindLiveObjects: 0.341268 ms CreateObjectMapping: 0.138560 ms MarkObjects: 2.149818 ms  DeleteObjects: 0.485388 ms)

========================================================================
Received Prepare
Registering precompiled user dll's ...
Registered in 0.002867 seconds.
Begin MonoManager ReloadAssembly
Native extension for WindowsStandalone target not found
Native extension for WebGL target not found
Refreshing native plugins compatible for Editor in 1.17 ms, found 1 plugins.
Preloading 0 native plugins for Editor in 0.00 ms.
Mono: successfully reloaded assembly
- Completed reload, in  3.220 seconds
Platform modules already initialized, skipping
Refreshing native plugins compatible for Editor in 2.00 ms, found 1 plugins.
Preloading 0 native plugins for Editor in 0.00 ms.
Unloading 1865 Unused Serialized files (Serialized files now loaded: 0)
System memory in use before: 91.8 MB.
System memory in use after: 91.1 MB.

Unloading 25 unused Assets to reduce memory usage. Loaded Objects now: 2403.
Total: 9.165488 ms (FindLiveObjects: 0.631218 ms CreateObjectMapping: 0.268995 ms MarkObjects: 6.683810 ms  DeleteObjects: 1.577617 ms)

========================================================================
Received Prepare
Registering precompiled user dll's ...
Registered in 0.000886 seconds.
Begin MonoManager ReloadAssembly
Native extension for WindowsStandalone target not found
Native extension for WebGL target not found
Refreshing native plugins compatible for Editor in 0.65 ms, found 1 plugins.
Preloading 0 native plugins for Editor in 0.00 ms.
Mono: successfully reloaded assembly
- Completed reload, in  1.266 seconds
Platform modules already initialized, skipping
Refreshing native plugins compatible for Editor in 0.66 ms, found 1 plugins.
Preloading 0 native plugins for Editor in 0.00 ms.
Unloading 1866 Unused Serialized files (Serialized files now loaded: 0)
System memory in use before: 91.8 MB.
System memory in use after: 91.1 MB.

Unloading 25 unused Assets to reduce memory usage. Loaded Objects now: 2408.
Total: 3.987449 ms (FindLiveObjects: 0.422950 ms CreateObjectMapping: 0.201853 ms MarkObjects: 2.850316 ms  DeleteObjects: 0.510619 ms)

========================================================================
Received Import Request.
  Time since last request: 1965.468578 seconds.
  path: Assets/TMP Gradient
  artifactKey: Guid(0dad09c0068030c4580591f882d94e65) Importer(815301076,1909f56bfc062723c751e8b465ee728b)
Start importing Assets/TMP Gradient using Guid(0dad09c0068030c4580591f882d94e65) Importer(815301076,1909f56bfc062723c751e8b465ee728b)  -> (artifact id: 'dd7f7c0fa2866771cdedf94962f3c552') in 0.015439 seconds
  Import took 0.021688 seconds .

========================================================================
Received Import Request.
  Time since last request: 7.793147 seconds.
  path: Assets/MainMenu.cs
  artifactKey: Guid(d564e0a93329841428ded9080dc2360f) Importer(815301076,1909f56bfc062723c751e8b465ee728b)
Start importing Assets/MainMenu.cs using Guid(d564e0a93329841428ded9080dc2360f) Importer(815301076,1909f56bfc062723c751e8b465ee728b)  -> (artifact id: 'f7b7eeac865fc0400e855ed8ddd166b2') in 0.154390 seconds
  Import took 0.159155 seconds .

========================================================================
Received Prepare
Registering precompiled user dll's ...
Registered in 0.120107 seconds.
Begin MonoManager ReloadAssembly
Native extension for WindowsStandalone target not found
Native extension for WebGL target not found
Refreshing native plugins compatible for Editor in 0.64 ms, found 1 plugins.
Preloading 0 native plugins for Editor in 0.00 ms.
Mono: successfully reloaded assembly
- Completed reload, in  4.748 seconds
Platform modules already initialized, skipping
Refreshing native plugins compatible for Editor in 0.84 ms, found 1 plugins.
Preloading 0 native plugins for Editor in 0.00 ms.
Unloading 1866 Unused Serialized files (Serialized files now loaded: 0)
System memory in use before: 91.8 MB.
System memory in use after: 91.1 MB.

Unloading 25 unused Assets to reduce memory usage. Loaded Objects now: 2412.
Total: 4.135845 ms (FindLiveObjects: 0.320313 ms CreateObjectMapping: 0.122737 ms MarkObjects: 2.517174 ms  DeleteObjects: 1.172628 ms)

========================================================================
Received Prepare
Registering precompiled user dll's ...
Registered in 0.088336 seconds.
Begin MonoManager ReloadAssembly
Native extension for WindowsStandalone target not found
Native extension for WebGL target not found
Refreshing native plugins compatible for Editor in 0.61 ms, found 1 plugins.
Preloading 0 native plugins for Editor in 0.00 ms.
Mono: successfully reloaded assembly
- Completed reload, in  4.007 seconds
Platform modules already initialized, skipping
Refreshing native plugins compatible for Editor in 1.24 ms, found 1 plugins.
Preloading 0 native plugins for Editor in 0.00 ms.
Unloading 1866 Unused Serialized files (Serialized files now loaded: 0)
System memory in use before: 91.8 MB.
System memory in use after: 91.1 MB.

Unloading 25 unused Assets to reduce memory usage. Loaded Objects now: 2416.
Total: 13.038754 ms (FindLiveObjects: 0.720170 ms CreateObjectMapping: 0.219387 ms MarkObjects: 11.216946 ms  DeleteObjects: 0.878402 ms)

========================================================================
Received Prepare
Registering precompiled user dll's ...
Registered in 0.000942 seconds.
Begin MonoManager ReloadAssembly
Native extension for WindowsStandalone target not found
Native extension for WebGL target not found
Refreshing native plugins compatible for Editor in 0.91 ms, found 1 plugins.
Preloading 0 native plugins for Editor in 0.00 ms.
Mono: successfully reloaded assembly
- Completed reload, in  3.019 seconds
Platform modules already initialized, skipping
Refreshing native plugins compatible for Editor in 0.93 ms, found 1 plugins.
Preloading 0 native plugins for Editor in 0.00 ms.
Unloading 1866 Unused Serialized files (Serialized files now loaded: 0)
System memory in use before: 91.8 MB.
System memory in use after: 91.2 MB.

Unloading 25 unused Assets to reduce memory usage. Loaded Objects now: 2420.
Total: 3.418669 ms (FindLiveObjects: 0.334426 ms CreateObjectMapping: 0.200570 ms MarkObjects: 2.353382 ms  DeleteObjects: 0.527725 ms)

========================================================================
Received Prepare
Registering precompiled user dll's ...
Registered in 0.000798 seconds.
Begin MonoManager ReloadAssembly
Native extension for WindowsStandalone target not found
Native extension for WebGL target not found
Refreshing native plugins compatible for Editor in 0.54 ms, found 1 plugins.
Preloading 0 native plugins for Editor in 0.00 ms.
Mono: successfully reloaded assembly
- Completed reload, in  1.072 seconds
Platform modules already initialized, skipping
Refreshing native plugins compatible for Editor in 0.48 ms, found 1 plugins.
Preloading 0 native plugins for Editor in 0.00 ms.
Unloading 1866 Unused Serialized files (Serialized files now loaded: 0)
System memory in use before: 91.8 MB.
System memory in use after: 91.2 MB.

Unloading 25 unused Assets to reduce memory usage. Loaded Objects now: 2424.
Total: 3.252311 ms (FindLiveObjects: 0.365644 ms CreateObjectMapping: 0.157804 ms MarkObjects: 2.227652 ms  DeleteObjects: 0.499928 ms)

========================================================================
Received Prepare
Registering precompiled user dll's ...
Registered in 0.000897 seconds.
Begin MonoManager ReloadAssembly
Native extension for WindowsStandalone target not found
Native extension for WebGL target not found
Refreshing native plugins compatible for Editor in 0.61 ms, found 1 plugins.
Preloading 0 native plugins for Editor in 0.00 ms.
Mono: successfully reloaded assembly
- Completed reload, in  1.456 seconds
Platform modules already initialized, skipping
Refreshing native plugins compatible for Editor in 0.56 ms, found 1 plugins.
Preloading 0 native plugins for Editor in 0.00 ms.
Unloading 1866 Unused Serialized files (Serialized files now loaded: 0)
System memory in use before: 91.9 MB.
System memory in use after: 91.2 MB.

Unloading 25 unused Assets to reduce memory usage. Loaded Objects now: 2428.
Total: 3.934420 ms (FindLiveObjects: 0.411831 ms CreateObjectMapping: 0.130435 ms MarkObjects: 2.808406 ms  DeleteObjects: 0.582038 ms)

========================================================================
Received Prepare
Registering precompiled user dll's ...
Registered in 0.000893 seconds.
Begin MonoManager ReloadAssembly
Native extension for WindowsStandalone target not found
Native extension for WebGL target not found
Refreshing native plugins compatible for Editor in 0.79 ms, found 1 plugins.
Preloading 0 native plugins for Editor in 0.00 ms.
Mono: successfully reloaded assembly
- Completed reload, in  2.305 seconds
Platform modules already initialized, skipping
Refreshing native plugins compatible for Editor in 0.90 ms, found 1 plugins.
Preloading 0 native plugins for Editor in 0.00 ms.
Unloading 1866 Unused Serialized files (Serialized files now loaded: 0)
System memory in use before: 91.9 MB.
System memory in use after: 91.2 MB.

Unloading 25 unused Assets to reduce memory usage. Loaded Objects now: 2432.
Total: 4.621661 ms (FindLiveObjects: 0.699643 ms CreateObjectMapping: 0.182608 ms MarkObjects: 3.217671 ms  DeleteObjects: 0.519600 ms)

========================================================================
Received Prepare
Registering precompiled user dll's ...
Registered in 0.001268 seconds.
Begin MonoManager ReloadAssembly
Native extension for WindowsStandalone target not found
Native extension for WebGL target not found
Refreshing native plugins compatible for Editor in 0.48 ms, found 1 plugins.
Preloading 0 native plugins for Editor in 0.00 ms.
Mono: successfully reloaded assembly
- Completed reload, in  1.140 seconds
Platform modules already initialized, skipping
Refreshing native plugins compatible for Editor in 0.78 ms, found 1 plugins.
Preloading 0 native plugins for Editor in 0.00 ms.
Unloading 1866 Unused Serialized files (Serialized files now loaded: 0)
System memory in use before: 91.9 MB.
System memory in use after: 91.2 MB.

Unloading 25 unused Assets to reduce memory usage. Loaded Objects now: 2436.
Total: 3.119311 ms (FindLiveObjects: 0.255310 ms CreateObjectMapping: 0.099643 ms MarkObjects: 2.198999 ms  DeleteObjects: 0.562793 ms)

